2023-10-22 11:03:26.258 | background-preinitraceId | INFO  | 6172 | background-preinit | org.hibernate.validator.internal.util.Version.<clinit>(Version.java:21) : HV000001: Hibernate Validator 6.2.5.Final
2023-10-22 11:03:26.343 | mainraceId | INFO  | 6172 | main | org.springframework.boot.StartupInfoLogger.logStarting(StartupInfoLogger.java:55) : Starting HenthouseApplication using Java 1.8.0_281 on 无敌暴龙兽 with PID 6172 (D:\桌面\学习\练手项目a\小说网站\henthouse\target\classes started by HASEE in D:\桌面\学习\练手项目a\小说网站\henthouse)
2023-10-22 11:03:26.347 | mainraceId | INFO  | 6172 | main | org.springframework.boot.SpringApplication.logStartupProfileInfo(SpringApplication.java:645) : No active profile set, falling back to 1 default profile: "default"
2023-10-22 11:03:28.754 | mainraceId | INFO  | 6172 | main | org.springframework.data.repository.config.RepositoryConfigurationDelegate.multipleStoresDetected(RepositoryConfigurationDelegate.java:262) : Multiple Spring Data modules found, entering strict repository configuration mode
2023-10-22 11:03:28.757 | mainraceId | INFO  | 6172 | main | org.springframework.data.repository.config.RepositoryConfigurationDelegate.registerRepositoriesIn(RepositoryConfigurationDelegate.java:132) : Bootstrapping Spring Data Redis repositories in DEFAULT mode.
2023-10-22 11:03:28.815 | mainraceId | INFO  | 6172 | main | org.springframework.data.repository.config.RepositoryConfigurationDelegate.registerRepositoriesIn(RepositoryConfigurationDelegate.java:201) : Finished Spring Data repository scanning in 41 ms. Found 0 Redis repository interfaces.
2023-10-22 11:03:30.397 | mainraceId | INFO  | 6172 | main | org.springframework.boot.web.embedded.tomcat.TomcatWebServer.initialize(TomcatWebServer.java:108) : Tomcat initialized with port(s): 8802 (http)
2023-10-22 11:03:30.974 | mainraceId | INFO  | 6172 | main | org.springframework.boot.web.servlet.context.ServletWebServerApplicationContext.prepareWebApplicationContext(ServletWebServerApplicationContext.java:290) : Root WebApplicationContext: initialization completed in 4557 ms
2023-10-22 11:03:41.465 | mainraceId | INFO  | 6172 | main | org.springframework.security.web.DefaultSecurityFilterChain.<init>(DefaultSecurityFilterChain.java:55) : Will secure any request with [org.springframework.security.web.context.request.async.WebAsyncManagerIntegrationFilter@35e07e19, org.springframework.security.web.context.SecurityContextPersistenceFilter@481ed95c, org.springframework.security.web.header.HeaderWriterFilter@1109730f, org.springframework.web.filter.CorsFilter@a1e912f, org.springframework.security.web.authentication.logout.LogoutFilter@6451a288, com.qingfeng.henthouse.filter.JwtAuthenticationTokenFilter@75d366c2, org.springframework.security.web.savedrequest.RequestCacheAwareFilter@40bf0e15, org.springframework.security.web.servletapi.SecurityContextHolderAwareRequestFilter@7848321e, org.springframework.security.web.authentication.AnonymousAuthenticationFilter@2036f83, org.springframework.security.web.session.SessionManagementFilter@1752e45c, org.springframework.security.web.access.ExceptionTranslationFilter@1aac0a47, org.springframework.security.web.access.intercept.FilterSecurityInterceptor@10bdfbcc]
2023-10-22 11:03:41.793 | mainraceId | INFO  | 6172 | main | org.springframework.boot.web.embedded.tomcat.TomcatWebServer.start(TomcatWebServer.java:220) : Tomcat started on port(s): 8802 (http) with context path ''
2023-10-22 11:03:41.900 | mainraceId | INFO  | 6172 | main | org.springframework.boot.StartupInfoLogger.logStarted(StartupInfoLogger.java:61) : Started HenthouseApplication in 16.252 seconds (JVM running for 23.5)
2023-10-22 11:03:42.360 | http-nio-8802-exec-4raceId | INFO  | 6172 | http-nio-8802-exec-4 | org.springframework.web.servlet.FrameworkServlet.initServletBean(FrameworkServlet.java:525) : Initializing Servlet 'dispatcherServlet'
2023-10-22 11:03:42.361 | http-nio-8802-exec-4raceId | INFO  | 6172 | http-nio-8802-exec-4 | org.springframework.web.servlet.FrameworkServlet.initServletBean(FrameworkServlet.java:547) : Completed initialization in 1 ms
2023-10-22 11:03:54.504 | http-nio-8802-exec-4raceId | WARN  | 6172 | http-nio-8802-exec-4 | org.springframework.web.servlet.DispatcherServlet.noHandlerFound(DispatcherServlet.java:1282) : No mapping for GET /images/bookundefined
2023-10-22 11:03:57.953 | http-nio-8802-exec-5raceId | WARN  | 6172 | http-nio-8802-exec-5 | org.springframework.web.servlet.DispatcherServlet.noHandlerFound(DispatcherServlet.java:1282) : No mapping for GET /images/bookundefined
2023-10-22 11:45:17.761 | background-preinitraceId | INFO  | 19844 | background-preinit | org.hibernate.validator.internal.util.Version.<clinit>(Version.java:21) : HV000001: Hibernate Validator 6.2.5.Final
2023-10-22 11:45:17.837 | mainraceId | INFO  | 19844 | main | org.springframework.boot.StartupInfoLogger.logStarting(StartupInfoLogger.java:55) : Starting HenthouseApplication using Java 1.8.0_281 on 无敌暴龙兽 with PID 19844 (D:\桌面\学习\练手项目a\小说网站\henthouse\target\classes started by HASEE in D:\桌面\学习\练手项目a\小说网站\henthouse)
2023-10-22 11:45:17.843 | mainraceId | INFO  | 19844 | main | org.springframework.boot.SpringApplication.logStartupProfileInfo(SpringApplication.java:645) : No active profile set, falling back to 1 default profile: "default"
2023-10-22 11:45:20.118 | mainraceId | INFO  | 19844 | main | org.springframework.data.repository.config.RepositoryConfigurationDelegate.multipleStoresDetected(RepositoryConfigurationDelegate.java:262) : Multiple Spring Data modules found, entering strict repository configuration mode
2023-10-22 11:45:20.124 | mainraceId | INFO  | 19844 | main | org.springframework.data.repository.config.RepositoryConfigurationDelegate.registerRepositoriesIn(RepositoryConfigurationDelegate.java:132) : Bootstrapping Spring Data Redis repositories in DEFAULT mode.
2023-10-22 11:45:20.251 | mainraceId | INFO  | 19844 | main | org.springframework.data.repository.config.RepositoryConfigurationDelegate.registerRepositoriesIn(RepositoryConfigurationDelegate.java:201) : Finished Spring Data repository scanning in 84 ms. Found 0 Redis repository interfaces.
2023-10-22 11:45:22.354 | mainraceId | INFO  | 19844 | main | org.springframework.boot.web.embedded.tomcat.TomcatWebServer.initialize(TomcatWebServer.java:108) : Tomcat initialized with port(s): 8802 (http)
2023-10-22 11:45:22.577 | mainraceId | INFO  | 19844 | main | org.springframework.boot.web.servlet.context.ServletWebServerApplicationContext.prepareWebApplicationContext(ServletWebServerApplicationContext.java:290) : Root WebApplicationContext: initialization completed in 4677 ms
2023-10-22 11:45:27.846 | mainraceId | INFO  | 19844 | main | org.springframework.security.web.DefaultSecurityFilterChain.<init>(DefaultSecurityFilterChain.java:55) : Will secure any request with [org.springframework.security.web.context.request.async.WebAsyncManagerIntegrationFilter@416a4275, org.springframework.security.web.context.SecurityContextPersistenceFilter@455cbf18, org.springframework.security.web.header.HeaderWriterFilter@7198ab9a, org.springframework.web.filter.CorsFilter@7bf65e0f, org.springframework.security.web.authentication.logout.LogoutFilter@49986178, com.qingfeng.henthouse.filter.JwtAuthenticationTokenFilter@235c997d, org.springframework.security.web.savedrequest.RequestCacheAwareFilter@74ebd159, org.springframework.security.web.servletapi.SecurityContextHolderAwareRequestFilter@464400b3, org.springframework.security.web.authentication.AnonymousAuthenticationFilter@33215ffb, org.springframework.security.web.session.SessionManagementFilter@59313495, org.springframework.security.web.access.ExceptionTranslationFilter@8851ec, org.springframework.security.web.access.intercept.FilterSecurityInterceptor@24405466]
2023-10-22 11:45:27.949 | mainraceId | INFO  | 19844 | main | org.springframework.boot.web.embedded.tomcat.TomcatWebServer.start(TomcatWebServer.java:220) : Tomcat started on port(s): 8802 (http) with context path ''
2023-10-22 11:45:27.982 | mainraceId | INFO  | 19844 | main | org.springframework.boot.StartupInfoLogger.logStarted(StartupInfoLogger.java:61) : Started HenthouseApplication in 10.854 seconds (JVM running for 18.569)
2023-10-22 11:46:17.886 | http-nio-8802-exec-1raceId | INFO  | 19844 | http-nio-8802-exec-1 | org.springframework.web.servlet.FrameworkServlet.initServletBean(FrameworkServlet.java:525) : Initializing Servlet 'dispatcherServlet'
2023-10-22 11:46:17.888 | http-nio-8802-exec-1raceId | INFO  | 19844 | http-nio-8802-exec-1 | org.springframework.web.servlet.FrameworkServlet.initServletBean(FrameworkServlet.java:547) : Completed initialization in 2 ms
2023-10-22 11:46:17.913 | http-nio-8802-exec-2raceId | WARN  | 19844 | http-nio-8802-exec-2 | org.springframework.web.servlet.DispatcherServlet.noHandlerFound(DispatcherServlet.java:1282) : No mapping for GET /images/bookundefined
2023-10-22 11:46:21.030 | http-nio-8802-exec-3raceId | WARN  | 19844 | http-nio-8802-exec-3 | org.springframework.web.servlet.DispatcherServlet.noHandlerFound(DispatcherServlet.java:1282) : No mapping for GET /images/bookundefined
2023-10-22 11:46:35.397 | http-nio-8802-exec-7raceId | WARN  | 19844 | http-nio-8802-exec-7 | org.springframework.web.servlet.DispatcherServlet.noHandlerFound(DispatcherServlet.java:1282) : No mapping for GET /images/bookundefined
2023-10-22 11:46:42.266 | http-nio-8802-exec-10raceId | WARN  | 19844 | http-nio-8802-exec-10 | org.springframework.web.servlet.DispatcherServlet.noHandlerFound(DispatcherServlet.java:1282) : No mapping for GET /images/bookundefined
2023-10-22 11:46:45.881 | http-nio-8802-exec-4raceId | WARN  | 19844 | http-nio-8802-exec-4 | org.springframework.web.servlet.DispatcherServlet.noHandlerFound(DispatcherServlet.java:1282) : No mapping for GET /images/bookundefined
2023-10-22 11:46:47.945 | http-nio-8802-exec-6raceId | WARN  | 19844 | http-nio-8802-exec-6 | org.springframework.web.servlet.DispatcherServlet.noHandlerFound(DispatcherServlet.java:1282) : No mapping for GET /images/bookundefined
2023-10-22 11:46:48.501 | http-nio-8802-exec-8raceId | WARN  | 19844 | http-nio-8802-exec-8 | org.springframework.web.servlet.DispatcherServlet.noHandlerFound(DispatcherServlet.java:1282) : No mapping for GET /images/bookundefined
2023-10-22 11:46:49.117 | http-nio-8802-exec-1raceId | WARN  | 19844 | http-nio-8802-exec-1 | org.springframework.web.servlet.DispatcherServlet.noHandlerFound(DispatcherServlet.java:1282) : No mapping for GET /images/bookundefined
2023-10-22 11:46:51.865 | http-nio-8802-exec-5raceId | WARN  | 19844 | http-nio-8802-exec-5 | org.springframework.web.servlet.DispatcherServlet.noHandlerFound(DispatcherServlet.java:1282) : No mapping for GET /images/bookundefined
2023-10-22 11:46:53.067 | http-nio-8802-exec-9raceId | WARN  | 19844 | http-nio-8802-exec-9 | org.springframework.web.servlet.DispatcherServlet.noHandlerFound(DispatcherServlet.java:1282) : No mapping for GET /images/bookundefined
2023-10-22 11:46:53.919 | http-nio-8802-exec-2raceId | WARN  | 19844 | http-nio-8802-exec-2 | org.springframework.web.servlet.DispatcherServlet.noHandlerFound(DispatcherServlet.java:1282) : No mapping for GET /images/bookundefined
2023-10-22 11:46:56.495 | http-nio-8802-exec-3raceId | WARN  | 19844 | http-nio-8802-exec-3 | org.springframework.web.servlet.DispatcherServlet.noHandlerFound(DispatcherServlet.java:1282) : No mapping for GET /images/bookundefined
2023-10-22 11:46:58.902 | http-nio-8802-exec-7raceId | WARN  | 19844 | http-nio-8802-exec-7 | org.springframework.web.servlet.DispatcherServlet.noHandlerFound(DispatcherServlet.java:1282) : No mapping for GET /images/bookundefined
2023-10-22 11:46:59.619 | http-nio-8802-exec-10raceId | WARN  | 19844 | http-nio-8802-exec-10 | org.springframework.web.servlet.DispatcherServlet.noHandlerFound(DispatcherServlet.java:1282) : No mapping for GET /images/bookundefined
2023-10-22 11:47:01.795 | http-nio-8802-exec-4raceId | WARN  | 19844 | http-nio-8802-exec-4 | org.springframework.web.servlet.DispatcherServlet.noHandlerFound(DispatcherServlet.java:1282) : No mapping for GET /images/bookundefined
2023-10-22 11:47:05.123 | http-nio-8802-exec-6raceId | WARN  | 19844 | http-nio-8802-exec-6 | org.springframework.web.servlet.DispatcherServlet.noHandlerFound(DispatcherServlet.java:1282) : No mapping for GET /images/bookundefined
2023-10-22 11:47:06.563 | http-nio-8802-exec-8raceId | WARN  | 19844 | http-nio-8802-exec-8 | org.springframework.web.servlet.DispatcherServlet.noHandlerFound(DispatcherServlet.java:1282) : No mapping for GET /images/bookundefined
2023-10-22 11:47:07.238 | http-nio-8802-exec-1raceId | WARN  | 19844 | http-nio-8802-exec-1 | org.springframework.web.servlet.DispatcherServlet.noHandlerFound(DispatcherServlet.java:1282) : No mapping for GET /images/bookundefined
2023-10-22 11:47:08.045 | http-nio-8802-exec-5raceId | WARN  | 19844 | http-nio-8802-exec-5 | org.springframework.web.servlet.DispatcherServlet.noHandlerFound(DispatcherServlet.java:1282) : No mapping for GET /images/bookundefined
2023-10-22 11:47:08.899 | http-nio-8802-exec-9raceId | WARN  | 19844 | http-nio-8802-exec-9 | org.springframework.web.servlet.DispatcherServlet.noHandlerFound(DispatcherServlet.java:1282) : No mapping for GET /images/bookundefined
2023-10-22 11:47:09.798 | http-nio-8802-exec-2raceId | WARN  | 19844 | http-nio-8802-exec-2 | org.springframework.web.servlet.DispatcherServlet.noHandlerFound(DispatcherServlet.java:1282) : No mapping for GET /images/bookundefined
2023-10-22 11:47:10.973 | http-nio-8802-exec-3raceId | WARN  | 19844 | http-nio-8802-exec-3 | org.springframework.web.servlet.DispatcherServlet.noHandlerFound(DispatcherServlet.java:1282) : No mapping for GET /images/bookundefined
2023-10-22 11:47:14.541 | http-nio-8802-exec-7raceId | WARN  | 19844 | http-nio-8802-exec-7 | org.springframework.web.servlet.DispatcherServlet.noHandlerFound(DispatcherServlet.java:1282) : No mapping for GET /images/bookundefined
2023-10-22 11:47:17.391 | http-nio-8802-exec-10raceId | WARN  | 19844 | http-nio-8802-exec-10 | org.springframework.web.servlet.DispatcherServlet.noHandlerFound(DispatcherServlet.java:1282) : No mapping for GET /images/bookundefined
2023-10-22 11:47:20.485 | http-nio-8802-exec-4raceId | WARN  | 19844 | http-nio-8802-exec-4 | org.springframework.web.servlet.DispatcherServlet.noHandlerFound(DispatcherServlet.java:1282) : No mapping for GET /images/bookundefined
2023-10-22 11:47:23.156 | http-nio-8802-exec-6raceId | WARN  | 19844 | http-nio-8802-exec-6 | org.springframework.web.servlet.DispatcherServlet.noHandlerFound(DispatcherServlet.java:1282) : No mapping for GET /images/bookundefined
2023-10-22 11:47:24.870 | http-nio-8802-exec-8raceId | WARN  | 19844 | http-nio-8802-exec-8 | org.springframework.web.servlet.DispatcherServlet.noHandlerFound(DispatcherServlet.java:1282) : No mapping for GET /images/bookundefined
2023-10-22 11:47:31.663 | http-nio-8802-exec-1raceId | WARN  | 19844 | http-nio-8802-exec-1 | org.springframework.web.servlet.DispatcherServlet.noHandlerFound(DispatcherServlet.java:1282) : No mapping for GET /images/bookundefined
2023-10-22 11:47:36.054 | http-nio-8802-exec-5raceId | WARN  | 19844 | http-nio-8802-exec-5 | org.springframework.web.servlet.DispatcherServlet.noHandlerFound(DispatcherServlet.java:1282) : No mapping for GET /images/bookundefined
2023-10-22 11:47:40.347 | http-nio-8802-exec-9raceId | WARN  | 19844 | http-nio-8802-exec-9 | org.springframework.web.servlet.DispatcherServlet.noHandlerFound(DispatcherServlet.java:1282) : No mapping for GET /images/bookundefined
2023-10-22 11:47:41.034 | http-nio-8802-exec-2raceId | WARN  | 19844 | http-nio-8802-exec-2 | org.springframework.web.servlet.DispatcherServlet.noHandlerFound(DispatcherServlet.java:1282) : No mapping for GET /images/bookundefined
2023-10-22 11:47:54.315 | http-nio-8802-exec-3raceId | WARN  | 19844 | http-nio-8802-exec-3 | org.springframework.web.servlet.DispatcherServlet.noHandlerFound(DispatcherServlet.java:1282) : No mapping for GET /images/bookundefined
2023-10-22 11:47:56.431 | http-nio-8802-exec-7raceId | WARN  | 19844 | http-nio-8802-exec-7 | org.springframework.web.servlet.DispatcherServlet.noHandlerFound(DispatcherServlet.java:1282) : No mapping for GET /images/bookundefined
2023-10-22 11:47:59.322 | http-nio-8802-exec-10raceId | WARN  | 19844 | http-nio-8802-exec-10 | org.springframework.web.servlet.DispatcherServlet.noHandlerFound(DispatcherServlet.java:1282) : No mapping for GET /images/bookundefined
2023-10-22 11:48:19.341 | http-nio-8802-exec-4raceId | WARN  | 19844 | http-nio-8802-exec-4 | org.springframework.web.servlet.DispatcherServlet.noHandlerFound(DispatcherServlet.java:1282) : No mapping for GET /images/bookundefined
2023-10-22 11:48:24.438 | http-nio-8802-exec-6raceId | WARN  | 19844 | http-nio-8802-exec-6 | org.springframework.web.servlet.DispatcherServlet.noHandlerFound(DispatcherServlet.java:1282) : No mapping for GET /images/bookundefined
2023-10-22 11:48:40.794 | http-nio-8802-exec-2raceId | WARN  | 19844 | http-nio-8802-exec-2 | org.springframework.web.servlet.DispatcherServlet.noHandlerFound(DispatcherServlet.java:1282) : No mapping for GET /images/bookundefined
2023-10-22 11:49:12.032 | http-nio-8802-exec-8raceId | WARN  | 19844 | http-nio-8802-exec-8 | org.springframework.web.servlet.DispatcherServlet.noHandlerFound(DispatcherServlet.java:1282) : No mapping for GET /images/bookundefined
2023-10-22 11:50:40.011 | http-nio-8802-exec-9raceId | WARN  | 19844 | http-nio-8802-exec-9 | org.springframework.web.servlet.DispatcherServlet.noHandlerFound(DispatcherServlet.java:1282) : No mapping for GET /images/bookundefined
2023-10-22 11:52:57.743 | http-nio-8802-exec-2raceId | WARN  | 19844 | http-nio-8802-exec-2 | org.springframework.web.servlet.DispatcherServlet.noHandlerFound(DispatcherServlet.java:1282) : No mapping for GET /images/bookundefined
2023-10-22 11:53:02.493 | http-nio-8802-exec-3raceId | WARN  | 19844 | http-nio-8802-exec-3 | org.springframework.web.servlet.DispatcherServlet.noHandlerFound(DispatcherServlet.java:1282) : No mapping for GET /images/bookundefined
2023-10-22 11:55:04.172 | background-preinitraceId | INFO  | 10276 | background-preinit | org.hibernate.validator.internal.util.Version.<clinit>(Version.java:21) : HV000001: Hibernate Validator 6.2.5.Final
2023-10-22 11:55:04.194 | mainraceId | INFO  | 10276 | main | org.springframework.boot.StartupInfoLogger.logStarting(StartupInfoLogger.java:55) : Starting HenthouseApplication using Java 1.8.0_281 on 无敌暴龙兽 with PID 10276 (D:\桌面\学习\练手项目a\小说网站\henthouse\target\classes started by HASEE in D:\桌面\学习\练手项目a\小说网站\henthouse)
2023-10-22 11:55:04.196 | mainraceId | INFO  | 10276 | main | org.springframework.boot.SpringApplication.logStartupProfileInfo(SpringApplication.java:645) : No active profile set, falling back to 1 default profile: "default"
2023-10-22 11:55:04.941 | mainraceId | INFO  | 10276 | main | org.springframework.data.repository.config.RepositoryConfigurationDelegate.multipleStoresDetected(RepositoryConfigurationDelegate.java:262) : Multiple Spring Data modules found, entering strict repository configuration mode
2023-10-22 11:55:04.942 | mainraceId | INFO  | 10276 | main | org.springframework.data.repository.config.RepositoryConfigurationDelegate.registerRepositoriesIn(RepositoryConfigurationDelegate.java:132) : Bootstrapping Spring Data Redis repositories in DEFAULT mode.
2023-10-22 11:55:04.980 | mainraceId | INFO  | 10276 | main | org.springframework.data.repository.config.RepositoryConfigurationDelegate.registerRepositoriesIn(RepositoryConfigurationDelegate.java:201) : Finished Spring Data repository scanning in 27 ms. Found 0 Redis repository interfaces.
2023-10-22 11:55:05.545 | mainraceId | INFO  | 10276 | main | org.springframework.boot.web.embedded.tomcat.TomcatWebServer.initialize(TomcatWebServer.java:108) : Tomcat initialized with port(s): 8802 (http)
2023-10-22 11:55:05.679 | mainraceId | INFO  | 10276 | main | org.springframework.boot.web.servlet.context.ServletWebServerApplicationContext.prepareWebApplicationContext(ServletWebServerApplicationContext.java:290) : Root WebApplicationContext: initialization completed in 1431 ms
2023-10-22 11:55:08.869 | mainraceId | INFO  | 10276 | main | org.springframework.security.web.DefaultSecurityFilterChain.<init>(DefaultSecurityFilterChain.java:55) : Will secure any request with [org.springframework.security.web.context.request.async.WebAsyncManagerIntegrationFilter@33215ffb, org.springframework.security.web.context.SecurityContextPersistenceFilter@443af394, org.springframework.security.web.header.HeaderWriterFilter@3b362f1, org.springframework.web.filter.CorsFilter@6f289728, org.springframework.security.web.authentication.logout.LogoutFilter@7f012923, com.qingfeng.henthouse.filter.JwtAuthenticationTokenFilter@4a9a878, org.springframework.security.web.savedrequest.RequestCacheAwareFilter@7dd3981e, org.springframework.security.web.servletapi.SecurityContextHolderAwareRequestFilter@1850f2da, org.springframework.security.web.authentication.AnonymousAuthenticationFilter@7c421952, org.springframework.security.web.session.SessionManagementFilter@636dbfe7, org.springframework.security.web.access.ExceptionTranslationFilter@71ad959b, org.springframework.security.web.access.intercept.FilterSecurityInterceptor@4d4b019e]
2023-10-22 11:55:08.966 | mainraceId | INFO  | 10276 | main | org.springframework.boot.web.embedded.tomcat.TomcatWebServer.start(TomcatWebServer.java:220) : Tomcat started on port(s): 8802 (http) with context path ''
2023-10-22 11:55:08.994 | mainraceId | INFO  | 10276 | main | org.springframework.boot.StartupInfoLogger.logStarted(StartupInfoLogger.java:61) : Started HenthouseApplication in 5.081 seconds (JVM running for 10.803)
2023-10-22 11:57:07.862 | http-nio-8802-exec-1raceId | INFO  | 10276 | http-nio-8802-exec-1 | org.springframework.web.servlet.FrameworkServlet.initServletBean(FrameworkServlet.java:525) : Initializing Servlet 'dispatcherServlet'
2023-10-22 11:57:07.865 | http-nio-8802-exec-1raceId | INFO  | 10276 | http-nio-8802-exec-1 | org.springframework.web.servlet.FrameworkServlet.initServletBean(FrameworkServlet.java:547) : Completed initialization in 2 ms
2023-10-22 12:51:12.536 | http-nio-8802-exec-2raceId | WARN  | 10276 | http-nio-8802-exec-2 | org.springframework.web.servlet.DispatcherServlet.noHandlerFound(DispatcherServlet.java:1282) : No mapping for GET /images/bookundefined
2023-10-22 12:51:21.758 | http-nio-8802-exec-5raceId | WARN  | 10276 | http-nio-8802-exec-5 | org.springframework.web.servlet.DispatcherServlet.noHandlerFound(DispatcherServlet.java:1282) : No mapping for GET /images/bookundefined
2023-10-22 12:52:00.352 | http-nio-8802-exec-7raceId | WARN  | 10276 | http-nio-8802-exec-7 | org.springframework.web.servlet.DispatcherServlet.noHandlerFound(DispatcherServlet.java:1282) : No mapping for GET /images/bookundefined
2023-10-22 12:53:33.971 | http-nio-8802-exec-3raceId | WARN  | 10276 | http-nio-8802-exec-3 | org.springframework.web.servlet.DispatcherServlet.noHandlerFound(DispatcherServlet.java:1282) : No mapping for GET /images/bookundefined
2023-10-22 12:56:25.519 | http-nio-8802-exec-6raceId | WARN  | 10276 | http-nio-8802-exec-6 | org.springframework.web.servlet.DispatcherServlet.noHandlerFound(DispatcherServlet.java:1282) : No mapping for GET /images/bookundefined
2023-10-22 12:57:53.404 | http-nio-8802-exec-9raceId | WARN  | 10276 | http-nio-8802-exec-9 | org.springframework.web.servlet.DispatcherServlet.noHandlerFound(DispatcherServlet.java:1282) : No mapping for GET /images/bookundefined
2023-10-22 12:59:47.596 | http-nio-8802-exec-5raceId | WARN  | 10276 | http-nio-8802-exec-5 | org.springframework.web.servlet.DispatcherServlet.noHandlerFound(DispatcherServlet.java:1282) : No mapping for GET /images/bookundefined
2023-10-22 13:01:00.624 | http-nio-8802-exec-5raceId | WARN  | 10276 | http-nio-8802-exec-5 | org.springframework.web.servlet.DispatcherServlet.noHandlerFound(DispatcherServlet.java:1282) : No mapping for GET /images/bookundefined
2023-10-22 13:01:07.228 | http-nio-8802-exec-2raceId | WARN  | 10276 | http-nio-8802-exec-2 | org.springframework.web.servlet.DispatcherServlet.noHandlerFound(DispatcherServlet.java:1282) : No mapping for GET /images/bookundefined
2023-10-22 13:01:26.701 | http-nio-8802-exec-6raceId | WARN  | 10276 | http-nio-8802-exec-6 | org.springframework.web.servlet.DispatcherServlet.noHandlerFound(DispatcherServlet.java:1282) : No mapping for GET /images/bookundefined
2023-10-22 13:01:29.332 | http-nio-8802-exec-3raceId | WARN  | 10276 | http-nio-8802-exec-3 | org.springframework.web.servlet.DispatcherServlet.noHandlerFound(DispatcherServlet.java:1282) : No mapping for GET /images/bookundefined
2023-10-22 13:01:33.770 | http-nio-8802-exec-2raceId | WARN  | 10276 | http-nio-8802-exec-2 | org.springframework.web.servlet.DispatcherServlet.noHandlerFound(DispatcherServlet.java:1282) : No mapping for GET /images/bookundefined
2023-10-22 13:04:28.508 | http-nio-8802-exec-8raceId | WARN  | 10276 | http-nio-8802-exec-8 | org.springframework.web.servlet.DispatcherServlet.noHandlerFound(DispatcherServlet.java:1282) : No mapping for GET /images/bookundefined
2023-10-22 13:08:09.949 | http-nio-8802-exec-6raceId | WARN  | 10276 | http-nio-8802-exec-6 | org.springframework.web.servlet.DispatcherServlet.noHandlerFound(DispatcherServlet.java:1282) : No mapping for GET /images/bookundefined
2023-10-22 13:08:14.628 | http-nio-8802-exec-6raceId | WARN  | 10276 | http-nio-8802-exec-6 | org.springframework.web.servlet.DispatcherServlet.noHandlerFound(DispatcherServlet.java:1282) : No mapping for GET /images/bookundefined
2023-10-22 13:08:16.721 | http-nio-8802-exec-6raceId | WARN  | 10276 | http-nio-8802-exec-6 | org.springframework.web.servlet.DispatcherServlet.noHandlerFound(DispatcherServlet.java:1282) : No mapping for GET /images/bookundefined
2023-10-22 13:08:18.980 | http-nio-8802-exec-10raceId | WARN  | 10276 | http-nio-8802-exec-10 | org.springframework.web.servlet.DispatcherServlet.noHandlerFound(DispatcherServlet.java:1282) : No mapping for GET /images/bookundefined
2023-10-22 13:08:24.984 | http-nio-8802-exec-3raceId | WARN  | 10276 | http-nio-8802-exec-3 | org.springframework.web.servlet.DispatcherServlet.noHandlerFound(DispatcherServlet.java:1282) : No mapping for GET /images/bookundefined
2023-10-22 13:13:37.237 | http-nio-8802-exec-1raceId | WARN  | 10276 | http-nio-8802-exec-1 | org.springframework.web.servlet.DispatcherServlet.noHandlerFound(DispatcherServlet.java:1282) : No mapping for GET /images/bookundefined
2023-10-22 13:15:55.005 | http-nio-8802-exec-8raceId | WARN  | 10276 | http-nio-8802-exec-8 | org.springframework.web.servlet.DispatcherServlet.noHandlerFound(DispatcherServlet.java:1282) : No mapping for GET /images/bookundefined
2023-10-22 13:16:00.637 | http-nio-8802-exec-5raceId | WARN  | 10276 | http-nio-8802-exec-5 | org.springframework.web.servlet.DispatcherServlet.noHandlerFound(DispatcherServlet.java:1282) : No mapping for GET /images/bookundefined
2023-10-22 13:16:28.527 | http-nio-8802-exec-5raceId | WARN  | 10276 | http-nio-8802-exec-5 | org.springframework.web.servlet.DispatcherServlet.noHandlerFound(DispatcherServlet.java:1282) : No mapping for GET /images/bookundefined
2023-10-22 13:16:34.537 | http-nio-8802-exec-3raceId | WARN  | 10276 | http-nio-8802-exec-3 | org.springframework.web.servlet.DispatcherServlet.noHandlerFound(DispatcherServlet.java:1282) : No mapping for GET /images/bookundefined
2023-10-22 13:16:40.716 | http-nio-8802-exec-9raceId | WARN  | 10276 | http-nio-8802-exec-9 | org.springframework.web.servlet.DispatcherServlet.noHandlerFound(DispatcherServlet.java:1282) : No mapping for GET /images/bookundefined
2023-10-22 13:16:44.072 | http-nio-8802-exec-10raceId | WARN  | 10276 | http-nio-8802-exec-10 | org.springframework.web.servlet.DispatcherServlet.noHandlerFound(DispatcherServlet.java:1282) : No mapping for GET /images/bookundefined
2023-10-22 13:18:49.863 | http-nio-8802-exec-5raceId | WARN  | 10276 | http-nio-8802-exec-5 | org.springframework.web.servlet.DispatcherServlet.noHandlerFound(DispatcherServlet.java:1282) : No mapping for GET /images/bookundefined
2023-10-22 13:21:06.623 | http-nio-8802-exec-8raceId | WARN  | 10276 | http-nio-8802-exec-8 | org.springframework.web.servlet.DispatcherServlet.noHandlerFound(DispatcherServlet.java:1282) : No mapping for GET /images/bookundefined
2023-10-22 13:22:43.924 | http-nio-8802-exec-3raceId | WARN  | 10276 | http-nio-8802-exec-3 | org.springframework.web.servlet.DispatcherServlet.noHandlerFound(DispatcherServlet.java:1282) : No mapping for GET /images/bookundefined
2023-10-22 13:22:53.389 | http-nio-8802-exec-2raceId | WARN  | 10276 | http-nio-8802-exec-2 | org.springframework.web.servlet.DispatcherServlet.noHandlerFound(DispatcherServlet.java:1282) : No mapping for GET /images/bookundefined
2023-10-22 13:23:59.784 | http-nio-8802-exec-10raceId | WARN  | 10276 | http-nio-8802-exec-10 | org.springframework.web.servlet.DispatcherServlet.noHandlerFound(DispatcherServlet.java:1282) : No mapping for GET /images/bookundefined
2023-10-22 13:24:57.721 | http-nio-8802-exec-9raceId | WARN  | 10276 | http-nio-8802-exec-9 | org.springframework.web.servlet.DispatcherServlet.noHandlerFound(DispatcherServlet.java:1282) : No mapping for GET /images/bookundefined
2023-10-22 13:25:17.381 | http-nio-8802-exec-3raceId | WARN  | 10276 | http-nio-8802-exec-3 | org.springframework.web.servlet.DispatcherServlet.noHandlerFound(DispatcherServlet.java:1282) : No mapping for GET /images/bookundefined
2023-10-22 13:25:18.995 | http-nio-8802-exec-4raceId | WARN  | 10276 | http-nio-8802-exec-4 | org.springframework.web.servlet.DispatcherServlet.noHandlerFound(DispatcherServlet.java:1282) : No mapping for GET /images/bookundefined
2023-10-22 13:25:27.170 | http-nio-8802-exec-4raceId | WARN  | 10276 | http-nio-8802-exec-4 | org.springframework.web.servlet.DispatcherServlet.noHandlerFound(DispatcherServlet.java:1282) : No mapping for GET /images/bookundefined
2023-10-22 13:26:22.992 | http-nio-8802-exec-10raceId | WARN  | 10276 | http-nio-8802-exec-10 | org.springframework.web.servlet.DispatcherServlet.noHandlerFound(DispatcherServlet.java:1282) : No mapping for GET /images/bookundefined
2023-10-22 13:26:49.720 | http-nio-8802-exec-6raceId | WARN  | 10276 | http-nio-8802-exec-6 | org.springframework.web.servlet.DispatcherServlet.noHandlerFound(DispatcherServlet.java:1282) : No mapping for GET /images/bookundefined
2023-10-22 13:27:36.985 | http-nio-8802-exec-3raceId | WARN  | 10276 | http-nio-8802-exec-3 | org.springframework.web.servlet.DispatcherServlet.noHandlerFound(DispatcherServlet.java:1282) : No mapping for GET /images/bookundefined
2023-10-22 13:27:45.379 | http-nio-8802-exec-3raceId | WARN  | 10276 | http-nio-8802-exec-3 | org.springframework.web.servlet.DispatcherServlet.noHandlerFound(DispatcherServlet.java:1282) : No mapping for GET /images/bookundefined
2023-10-22 14:22:05.820 | http-nio-8802-exec-8raceId | WARN  | 10276 | http-nio-8802-exec-8 | org.springframework.web.servlet.DispatcherServlet.noHandlerFound(DispatcherServlet.java:1282) : No mapping for GET /images/bookundefined
2023-10-22 14:22:35.148 | http-nio-8802-exec-7raceId | WARN  | 10276 | http-nio-8802-exec-7 | org.springframework.web.servlet.DispatcherServlet.noHandlerFound(DispatcherServlet.java:1282) : No mapping for GET /images/bookundefined
2023-10-22 14:22:40.491 | http-nio-8802-exec-9raceId | WARN  | 10276 | http-nio-8802-exec-9 | org.springframework.web.servlet.DispatcherServlet.noHandlerFound(DispatcherServlet.java:1282) : No mapping for GET /images/bookundefined
2023-10-22 14:23:17.528 | http-nio-8802-exec-5raceId | WARN  | 10276 | http-nio-8802-exec-5 | org.springframework.web.servlet.DispatcherServlet.noHandlerFound(DispatcherServlet.java:1282) : No mapping for GET /images/bookundefined
2023-10-22 14:24:23.943 | http-nio-8802-exec-8raceId | WARN  | 10276 | http-nio-8802-exec-8 | org.springframework.web.servlet.DispatcherServlet.noHandlerFound(DispatcherServlet.java:1282) : No mapping for GET /images/bookundefined
2023-10-22 14:50:33.363 | http-nio-8802-exec-5raceId | WARN  | 10276 | http-nio-8802-exec-5 | org.springframework.web.servlet.DispatcherServlet.noHandlerFound(DispatcherServlet.java:1282) : No mapping for GET /images/bookundefined
2023-10-22 14:57:26.220 | http-nio-8802-exec-3raceId | WARN  | 10276 | http-nio-8802-exec-3 | org.springframework.web.servlet.DispatcherServlet.noHandlerFound(DispatcherServlet.java:1282) : No mapping for GET /images/bookundefined
2023-10-22 14:57:38.943 | http-nio-8802-exec-9raceId | WARN  | 10276 | http-nio-8802-exec-9 | org.springframework.web.servlet.DispatcherServlet.noHandlerFound(DispatcherServlet.java:1282) : No mapping for GET /images/bookundefined
2023-10-22 15:02:21.248 | http-nio-8802-exec-6raceId | WARN  | 10276 | http-nio-8802-exec-6 | org.springframework.web.servlet.DispatcherServlet.noHandlerFound(DispatcherServlet.java:1282) : No mapping for GET /images/bookundefined
2023-10-22 15:02:28.603 | http-nio-8802-exec-3raceId | WARN  | 10276 | http-nio-8802-exec-3 | org.springframework.web.servlet.DispatcherServlet.noHandlerFound(DispatcherServlet.java:1282) : No mapping for GET /images/bookundefined
2023-10-22 15:03:08.112 | http-nio-8802-exec-5raceId | WARN  | 10276 | http-nio-8802-exec-5 | org.springframework.web.servlet.DispatcherServlet.noHandlerFound(DispatcherServlet.java:1282) : No mapping for GET /images/bookundefined
2023-10-22 15:04:15.176 | http-nio-8802-exec-1raceId | WARN  | 10276 | http-nio-8802-exec-1 | org.springframework.web.servlet.DispatcherServlet.noHandlerFound(DispatcherServlet.java:1282) : No mapping for GET /images/bookundefined
2023-10-22 15:04:33.334 | http-nio-8802-exec-10raceId | WARN  | 10276 | http-nio-8802-exec-10 | org.springframework.web.servlet.DispatcherServlet.noHandlerFound(DispatcherServlet.java:1282) : No mapping for GET /images/bookundefined
2023-10-22 15:04:40.389 | http-nio-8802-exec-2raceId | WARN  | 10276 | http-nio-8802-exec-2 | org.springframework.web.servlet.DispatcherServlet.noHandlerFound(DispatcherServlet.java:1282) : No mapping for GET /images/bookundefined
2023-10-22 15:04:45.658 | http-nio-8802-exec-7raceId | WARN  | 10276 | http-nio-8802-exec-7 | org.springframework.web.servlet.DispatcherServlet.noHandlerFound(DispatcherServlet.java:1282) : No mapping for GET /images/bookundefined
2023-10-22 15:05:26.362 | http-nio-8802-exec-3raceId | WARN  | 10276 | http-nio-8802-exec-3 | org.springframework.web.servlet.DispatcherServlet.noHandlerFound(DispatcherServlet.java:1282) : No mapping for GET /images/bookundefined
2023-10-22 15:05:41.687 | http-nio-8802-exec-8raceId | WARN  | 10276 | http-nio-8802-exec-8 | org.springframework.web.servlet.DispatcherServlet.noHandlerFound(DispatcherServlet.java:1282) : No mapping for GET /images/bookundefined
2023-10-22 15:05:46.517 | http-nio-8802-exec-6raceId | WARN  | 10276 | http-nio-8802-exec-6 | org.springframework.web.servlet.DispatcherServlet.noHandlerFound(DispatcherServlet.java:1282) : No mapping for GET /images/bookundefined
2023-10-22 15:06:16.524 | http-nio-8802-exec-4raceId | WARN  | 10276 | http-nio-8802-exec-4 | org.springframework.web.servlet.DispatcherServlet.noHandlerFound(DispatcherServlet.java:1282) : No mapping for GET /images/bookundefined
2023-10-22 15:06:22.472 | http-nio-8802-exec-9raceId | WARN  | 10276 | http-nio-8802-exec-9 | org.springframework.web.servlet.DispatcherServlet.noHandlerFound(DispatcherServlet.java:1282) : No mapping for GET /images/bookundefined
2023-10-22 15:06:44.838 | http-nio-8802-exec-10raceId | WARN  | 10276 | http-nio-8802-exec-10 | org.springframework.web.servlet.DispatcherServlet.noHandlerFound(DispatcherServlet.java:1282) : No mapping for GET /images/bookundefined
2023-10-22 15:06:49.026 | http-nio-8802-exec-8raceId | WARN  | 10276 | http-nio-8802-exec-8 | org.springframework.web.servlet.DispatcherServlet.noHandlerFound(DispatcherServlet.java:1282) : No mapping for GET /images/bookundefined
2023-10-22 15:06:52.515 | http-nio-8802-exec-1raceId | WARN  | 10276 | http-nio-8802-exec-1 | org.springframework.web.servlet.DispatcherServlet.noHandlerFound(DispatcherServlet.java:1282) : No mapping for GET /images/bookundefined
2023-10-22 15:06:58.983 | http-nio-8802-exec-6raceId | WARN  | 10276 | http-nio-8802-exec-6 | org.springframework.web.servlet.DispatcherServlet.noHandlerFound(DispatcherServlet.java:1282) : No mapping for GET /images/bookundefined
2023-10-22 16:07:32.937 | http-nio-8802-exec-3raceId | WARN  | 10276 | http-nio-8802-exec-3 | org.springframework.web.servlet.DispatcherServlet.noHandlerFound(DispatcherServlet.java:1282) : No mapping for GET /images/bookundefined
2023-10-22 16:08:13.714 | http-nio-8802-exec-5raceId | WARN  | 10276 | http-nio-8802-exec-5 | org.springframework.web.servlet.DispatcherServlet.noHandlerFound(DispatcherServlet.java:1282) : No mapping for GET /images/bookundefined
2023-10-22 16:08:18.174 | http-nio-8802-exec-9raceId | WARN  | 10276 | http-nio-8802-exec-9 | org.springframework.web.servlet.DispatcherServlet.noHandlerFound(DispatcherServlet.java:1282) : No mapping for GET /images/bookundefined
2023-10-22 16:08:20.912 | http-nio-8802-exec-3raceId | WARN  | 10276 | http-nio-8802-exec-3 | org.springframework.web.servlet.DispatcherServlet.noHandlerFound(DispatcherServlet.java:1282) : No mapping for GET /images/bookundefined
2023-10-22 16:08:45.258 | http-nio-8802-exec-1raceId | WARN  | 10276 | http-nio-8802-exec-1 | org.springframework.web.servlet.DispatcherServlet.noHandlerFound(DispatcherServlet.java:1282) : No mapping for GET /images/bookundefined
2023-10-22 16:08:46.717 | http-nio-8802-exec-2raceId | WARN  | 10276 | http-nio-8802-exec-2 | org.springframework.web.servlet.DispatcherServlet.noHandlerFound(DispatcherServlet.java:1282) : No mapping for GET /images/bookundefined
2023-10-22 16:09:10.811 | http-nio-8802-exec-6raceId | WARN  | 10276 | http-nio-8802-exec-6 | org.springframework.web.servlet.DispatcherServlet.noHandlerFound(DispatcherServlet.java:1282) : No mapping for GET /images/bookundefined
2023-10-22 16:09:12.034 | http-nio-8802-exec-4raceId | WARN  | 10276 | http-nio-8802-exec-4 | org.springframework.web.servlet.DispatcherServlet.noHandlerFound(DispatcherServlet.java:1282) : No mapping for GET /images/bookundefined
2023-10-22 16:09:21.149 | http-nio-8802-exec-7raceId | WARN  | 10276 | http-nio-8802-exec-7 | org.springframework.web.servlet.DispatcherServlet.noHandlerFound(DispatcherServlet.java:1282) : No mapping for GET /images/bookundefined
2023-10-22 16:09:42.263 | http-nio-8802-exec-8raceId | WARN  | 10276 | http-nio-8802-exec-8 | org.springframework.web.servlet.DispatcherServlet.noHandlerFound(DispatcherServlet.java:1282) : No mapping for GET /images/bookundefined
2023-10-22 16:09:46.211 | http-nio-8802-exec-10raceId | WARN  | 10276 | http-nio-8802-exec-10 | org.springframework.web.servlet.DispatcherServlet.noHandlerFound(DispatcherServlet.java:1282) : No mapping for GET /images/bookundefined
2023-10-22 16:09:48.614 | http-nio-8802-exec-7raceId | WARN  | 10276 | http-nio-8802-exec-7 | org.springframework.web.servlet.DispatcherServlet.noHandlerFound(DispatcherServlet.java:1282) : No mapping for GET /images/bookundefined
2023-10-22 16:10:02.641 | http-nio-8802-exec-8raceId | WARN  | 10276 | http-nio-8802-exec-8 | org.springframework.web.servlet.DispatcherServlet.noHandlerFound(DispatcherServlet.java:1282) : No mapping for GET /images/bookundefined
2023-10-22 16:11:16.235 | http-nio-8802-exec-2raceId | WARN  | 10276 | http-nio-8802-exec-2 | org.springframework.web.servlet.DispatcherServlet.noHandlerFound(DispatcherServlet.java:1282) : No mapping for GET /images/bookundefined
2023-10-22 16:11:54.861 | http-nio-8802-exec-2raceId | WARN  | 10276 | http-nio-8802-exec-2 | org.springframework.web.servlet.DispatcherServlet.noHandlerFound(DispatcherServlet.java:1282) : No mapping for GET /images/bookundefined
2023-10-22 16:12:21.100 | http-nio-8802-exec-6raceId | WARN  | 10276 | http-nio-8802-exec-6 | org.springframework.web.servlet.DispatcherServlet.noHandlerFound(DispatcherServlet.java:1282) : No mapping for GET /images/bookundefined
2023-10-22 16:12:24.400 | http-nio-8802-exec-1raceId | WARN  | 10276 | http-nio-8802-exec-1 | org.springframework.web.servlet.DispatcherServlet.noHandlerFound(DispatcherServlet.java:1282) : No mapping for GET /images/bookundefined
2023-10-22 16:12:25.008 | http-nio-8802-exec-3raceId | WARN  | 10276 | http-nio-8802-exec-3 | org.springframework.web.servlet.DispatcherServlet.noHandlerFound(DispatcherServlet.java:1282) : No mapping for GET /images/bookundefined
2023-10-22 16:12:27.786 | http-nio-8802-exec-6raceId | WARN  | 10276 | http-nio-8802-exec-6 | org.springframework.web.servlet.DispatcherServlet.noHandlerFound(DispatcherServlet.java:1282) : No mapping for GET /images/bookundefined
2023-10-22 16:12:33.107 | http-nio-8802-exec-9raceId | WARN  | 10276 | http-nio-8802-exec-9 | org.springframework.web.servlet.DispatcherServlet.noHandlerFound(DispatcherServlet.java:1282) : No mapping for GET /images/bookundefined
2023-10-22 16:12:33.840 | http-nio-8802-exec-4raceId | WARN  | 10276 | http-nio-8802-exec-4 | org.springframework.web.servlet.DispatcherServlet.noHandlerFound(DispatcherServlet.java:1282) : No mapping for GET /images/bookundefined
2023-10-22 16:12:47.587 | http-nio-8802-exec-6raceId | WARN  | 10276 | http-nio-8802-exec-6 | org.springframework.web.servlet.DispatcherServlet.noHandlerFound(DispatcherServlet.java:1282) : No mapping for GET /images/bookundefined
2023-10-22 16:12:48.019 | http-nio-8802-exec-2raceId | WARN  | 10276 | http-nio-8802-exec-2 | org.springframework.web.servlet.DispatcherServlet.noHandlerFound(DispatcherServlet.java:1282) : No mapping for GET /images/bookundefined
2023-10-22 16:12:51.452 | http-nio-8802-exec-4raceId | WARN  | 10276 | http-nio-8802-exec-4 | org.springframework.web.servlet.DispatcherServlet.noHandlerFound(DispatcherServlet.java:1282) : No mapping for GET /images/bookundefined
2023-10-22 16:12:55.058 | http-nio-8802-exec-1raceId | WARN  | 10276 | http-nio-8802-exec-1 | org.springframework.web.servlet.DispatcherServlet.noHandlerFound(DispatcherServlet.java:1282) : No mapping for GET /images/bookundefined
2023-10-22 16:13:00.682 | http-nio-8802-exec-6raceId | WARN  | 10276 | http-nio-8802-exec-6 | org.springframework.web.servlet.DispatcherServlet.noHandlerFound(DispatcherServlet.java:1282) : No mapping for GET /images/bookundefined
2023-10-22 16:13:07.807 | http-nio-8802-exec-7raceId | WARN  | 10276 | http-nio-8802-exec-7 | org.springframework.web.servlet.DispatcherServlet.noHandlerFound(DispatcherServlet.java:1282) : No mapping for GET /images/bookundefined
2023-10-22 16:13:11.045 | http-nio-8802-exec-9raceId | WARN  | 10276 | http-nio-8802-exec-9 | org.springframework.web.servlet.DispatcherServlet.noHandlerFound(DispatcherServlet.java:1282) : No mapping for GET /images/bookundefined
2023-10-22 16:13:35.410 | http-nio-8802-exec-5raceId | WARN  | 10276 | http-nio-8802-exec-5 | org.springframework.web.servlet.DispatcherServlet.noHandlerFound(DispatcherServlet.java:1282) : No mapping for GET /images/bookundefined
2023-10-22 16:13:37.215 | http-nio-8802-exec-7raceId | WARN  | 10276 | http-nio-8802-exec-7 | org.springframework.web.servlet.DispatcherServlet.noHandlerFound(DispatcherServlet.java:1282) : No mapping for GET /images/bookundefined
2023-10-22 16:13:58.194 | http-nio-8802-exec-9raceId | WARN  | 10276 | http-nio-8802-exec-9 | org.springframework.web.servlet.DispatcherServlet.noHandlerFound(DispatcherServlet.java:1282) : No mapping for GET /images/bookundefined
2023-10-22 16:13:58.843 | http-nio-8802-exec-5raceId | WARN  | 10276 | http-nio-8802-exec-5 | org.springframework.web.servlet.DispatcherServlet.noHandlerFound(DispatcherServlet.java:1282) : No mapping for GET /images/bookundefined
2023-10-22 16:13:59.895 | http-nio-8802-exec-3raceId | WARN  | 10276 | http-nio-8802-exec-3 | org.springframework.web.servlet.DispatcherServlet.noHandlerFound(DispatcherServlet.java:1282) : No mapping for GET /images/bookundefined
2023-10-22 16:14:03.681 | http-nio-8802-exec-9raceId | WARN  | 10276 | http-nio-8802-exec-9 | org.springframework.web.servlet.DispatcherServlet.noHandlerFound(DispatcherServlet.java:1282) : No mapping for GET /images/bookundefined
2023-10-22 16:14:05.449 | http-nio-8802-exec-7raceId | WARN  | 10276 | http-nio-8802-exec-7 | org.springframework.web.servlet.DispatcherServlet.noHandlerFound(DispatcherServlet.java:1282) : No mapping for GET /images/bookundefined
2023-10-22 16:14:15.556 | http-nio-8802-exec-1raceId | WARN  | 10276 | http-nio-8802-exec-1 | org.springframework.web.servlet.DispatcherServlet.noHandlerFound(DispatcherServlet.java:1282) : No mapping for GET /images/bookundefined
2023-10-22 16:14:18.928 | http-nio-8802-exec-9raceId | WARN  | 10276 | http-nio-8802-exec-9 | org.springframework.web.servlet.DispatcherServlet.noHandlerFound(DispatcherServlet.java:1282) : No mapping for GET /images/bookundefined
2023-10-22 16:14:31.252 | http-nio-8802-exec-6raceId | WARN  | 10276 | http-nio-8802-exec-6 | org.springframework.web.servlet.DispatcherServlet.noHandlerFound(DispatcherServlet.java:1282) : No mapping for GET /images/bookundefined
2023-10-22 16:14:38.823 | http-nio-8802-exec-3raceId | WARN  | 10276 | http-nio-8802-exec-3 | org.springframework.web.servlet.DispatcherServlet.noHandlerFound(DispatcherServlet.java:1282) : No mapping for GET /images/bookundefined
2023-10-22 16:14:44.042 | http-nio-8802-exec-7raceId | WARN  | 10276 | http-nio-8802-exec-7 | org.springframework.web.servlet.DispatcherServlet.noHandlerFound(DispatcherServlet.java:1282) : No mapping for GET /images/bookundefined
2023-10-22 16:14:51.393 | http-nio-8802-exec-1raceId | WARN  | 10276 | http-nio-8802-exec-1 | org.springframework.web.servlet.DispatcherServlet.noHandlerFound(DispatcherServlet.java:1282) : No mapping for GET /images/bookundefined
2023-10-22 16:21:25.917 | http-nio-8802-exec-3raceId | WARN  | 10276 | http-nio-8802-exec-3 | org.springframework.web.servlet.DispatcherServlet.noHandlerFound(DispatcherServlet.java:1282) : No mapping for GET /images/bookundefined
2023-10-22 16:21:53.485 | http-nio-8802-exec-9raceId | WARN  | 10276 | http-nio-8802-exec-9 | org.springframework.web.servlet.DispatcherServlet.noHandlerFound(DispatcherServlet.java:1282) : No mapping for GET /images/bookundefined
2023-10-22 16:22:00.477 | http-nio-8802-exec-6raceId | WARN  | 10276 | http-nio-8802-exec-6 | org.springframework.web.servlet.DispatcherServlet.noHandlerFound(DispatcherServlet.java:1282) : No mapping for GET /images/bookundefined
2023-10-22 16:23:11.960 | http-nio-8802-exec-7raceId | WARN  | 10276 | http-nio-8802-exec-7 | org.springframework.web.servlet.DispatcherServlet.noHandlerFound(DispatcherServlet.java:1282) : No mapping for GET /images/bookundefined
2023-10-22 16:23:12.527 | http-nio-8802-exec-2raceId | WARN  | 10276 | http-nio-8802-exec-2 | org.springframework.web.servlet.DispatcherServlet.noHandlerFound(DispatcherServlet.java:1282) : No mapping for GET /images/bookundefined
2023-10-22 16:23:17.315 | http-nio-8802-exec-10raceId | WARN  | 10276 | http-nio-8802-exec-10 | org.springframework.web.servlet.DispatcherServlet.noHandlerFound(DispatcherServlet.java:1282) : No mapping for GET /images/bookundefined
2023-10-22 16:23:29.407 | http-nio-8802-exec-1raceId | WARN  | 10276 | http-nio-8802-exec-1 | org.springframework.web.servlet.DispatcherServlet.noHandlerFound(DispatcherServlet.java:1282) : No mapping for GET /images/bookundefined
2023-10-22 16:23:34.576 | http-nio-8802-exec-8raceId | WARN  | 10276 | http-nio-8802-exec-8 | org.springframework.web.servlet.DispatcherServlet.noHandlerFound(DispatcherServlet.java:1282) : No mapping for GET /images/bookundefined
2023-10-22 16:23:35.940 | http-nio-8802-exec-1raceId | WARN  | 10276 | http-nio-8802-exec-1 | org.springframework.web.servlet.DispatcherServlet.noHandlerFound(DispatcherServlet.java:1282) : No mapping for GET /images/bookundefined
2023-10-22 16:24:08.214 | http-nio-8802-exec-10raceId | WARN  | 10276 | http-nio-8802-exec-10 | org.springframework.web.servlet.DispatcherServlet.noHandlerFound(DispatcherServlet.java:1282) : No mapping for GET /images/bookundefined
2023-10-22 16:24:21.279 | http-nio-8802-exec-7raceId | WARN  | 10276 | http-nio-8802-exec-7 | org.springframework.web.servlet.DispatcherServlet.noHandlerFound(DispatcherServlet.java:1282) : No mapping for GET /images/bookundefined
2023-10-22 16:24:27.963 | http-nio-8802-exec-4raceId | WARN  | 10276 | http-nio-8802-exec-4 | org.springframework.web.servlet.DispatcherServlet.noHandlerFound(DispatcherServlet.java:1282) : No mapping for GET /images/bookundefined
2023-10-22 16:24:30.734 | http-nio-8802-exec-10raceId | WARN  | 10276 | http-nio-8802-exec-10 | org.springframework.web.servlet.DispatcherServlet.noHandlerFound(DispatcherServlet.java:1282) : No mapping for GET /images/bookundefined
2023-10-22 16:24:53.808 | http-nio-8802-exec-7raceId | WARN  | 10276 | http-nio-8802-exec-7 | org.springframework.web.servlet.DispatcherServlet.noHandlerFound(DispatcherServlet.java:1282) : No mapping for GET /images/bookundefined
2023-10-22 16:27:11.807 | http-nio-8802-exec-4raceId | WARN  | 10276 | http-nio-8802-exec-4 | org.springframework.web.servlet.DispatcherServlet.noHandlerFound(DispatcherServlet.java:1282) : No mapping for GET /images/bookundefined
2023-10-22 16:28:03.140 | http-nio-8802-exec-4raceId | WARN  | 10276 | http-nio-8802-exec-4 | org.springframework.web.servlet.DispatcherServlet.noHandlerFound(DispatcherServlet.java:1282) : No mapping for GET /images/bookundefined
2023-10-22 16:28:04.560 | http-nio-8802-exec-1raceId | WARN  | 10276 | http-nio-8802-exec-1 | org.springframework.web.servlet.DispatcherServlet.noHandlerFound(DispatcherServlet.java:1282) : No mapping for GET /images/bookundefined
2023-10-22 16:52:51.137 | http-nio-8802-exec-10raceId | WARN  | 10276 | http-nio-8802-exec-10 | org.springframework.web.servlet.DispatcherServlet.noHandlerFound(DispatcherServlet.java:1282) : No mapping for GET /images/bookundefined
2023-10-22 16:52:54.917 | http-nio-8802-exec-4raceId | WARN  | 10276 | http-nio-8802-exec-4 | org.springframework.web.servlet.DispatcherServlet.noHandlerFound(DispatcherServlet.java:1282) : No mapping for GET /images/bookundefined
2023-10-22 16:52:59.266 | http-nio-8802-exec-4raceId | WARN  | 10276 | http-nio-8802-exec-4 | org.springframework.web.servlet.DispatcherServlet.noHandlerFound(DispatcherServlet.java:1282) : No mapping for GET /images/bookundefined
2023-10-22 16:54:27.090 | http-nio-8802-exec-6raceId | WARN  | 10276 | http-nio-8802-exec-6 | org.springframework.web.servlet.DispatcherServlet.noHandlerFound(DispatcherServlet.java:1282) : No mapping for GET /images/bookundefined
2023-10-22 16:54:31.822 | http-nio-8802-exec-7raceId | WARN  | 10276 | http-nio-8802-exec-7 | org.springframework.web.servlet.DispatcherServlet.noHandlerFound(DispatcherServlet.java:1282) : No mapping for GET /images/bookundefined
2023-10-22 16:54:36.123 | http-nio-8802-exec-2raceId | WARN  | 10276 | http-nio-8802-exec-2 | org.springframework.web.servlet.DispatcherServlet.noHandlerFound(DispatcherServlet.java:1282) : No mapping for GET /images/bookundefined
2023-10-22 16:54:39.129 | http-nio-8802-exec-3raceId | WARN  | 10276 | http-nio-8802-exec-3 | org.springframework.web.servlet.DispatcherServlet.noHandlerFound(DispatcherServlet.java:1282) : No mapping for GET /images/bookundefined
2023-10-22 16:54:45.303 | http-nio-8802-exec-8raceId | WARN  | 10276 | http-nio-8802-exec-8 | org.springframework.web.servlet.DispatcherServlet.noHandlerFound(DispatcherServlet.java:1282) : No mapping for GET /images/bookundefined
2023-10-22 16:55:44.135 | http-nio-8802-exec-7raceId | WARN  | 10276 | http-nio-8802-exec-7 | org.springframework.web.servlet.DispatcherServlet.noHandlerFound(DispatcherServlet.java:1282) : No mapping for GET /images/bookundefined
2023-10-22 17:26:48.496 | background-preinitraceId | INFO  | 364 | background-preinit | org.hibernate.validator.internal.util.Version.<clinit>(Version.java:21) : HV000001: Hibernate Validator 6.2.5.Final
2023-10-22 17:26:48.569 | mainraceId | INFO  | 364 | main | org.springframework.boot.StartupInfoLogger.logStarting(StartupInfoLogger.java:55) : Starting HenthouseApplication using Java 1.8.0_281 on 无敌暴龙兽 with PID 364 (D:\桌面\学习\练手项目a\小说网站\henthouse\target\classes started by HASEE in D:\桌面\学习\练手项目a\小说网站\henthouse)
2023-10-22 17:26:48.573 | mainraceId | INFO  | 364 | main | org.springframework.boot.SpringApplication.logStartupProfileInfo(SpringApplication.java:645) : No active profile set, falling back to 1 default profile: "default"
2023-10-22 17:26:49.934 | mainraceId | INFO  | 364 | main | org.springframework.data.repository.config.RepositoryConfigurationDelegate.multipleStoresDetected(RepositoryConfigurationDelegate.java:262) : Multiple Spring Data modules found, entering strict repository configuration mode
2023-10-22 17:26:49.937 | mainraceId | INFO  | 364 | main | org.springframework.data.repository.config.RepositoryConfigurationDelegate.registerRepositoriesIn(RepositoryConfigurationDelegate.java:132) : Bootstrapping Spring Data Redis repositories in DEFAULT mode.
2023-10-22 17:26:49.989 | mainraceId | INFO  | 364 | main | org.springframework.data.repository.config.RepositoryConfigurationDelegate.registerRepositoriesIn(RepositoryConfigurationDelegate.java:201) : Finished Spring Data repository scanning in 38 ms. Found 0 Redis repository interfaces.
2023-10-22 17:26:50.797 | mainraceId | INFO  | 364 | main | org.springframework.boot.web.embedded.tomcat.TomcatWebServer.initialize(TomcatWebServer.java:108) : Tomcat initialized with port(s): 8802 (http)
2023-10-22 17:26:50.967 | mainraceId | INFO  | 364 | main | org.springframework.boot.web.servlet.context.ServletWebServerApplicationContext.prepareWebApplicationContext(ServletWebServerApplicationContext.java:290) : Root WebApplicationContext: initialization completed in 2362 ms
2023-10-22 17:26:54.827 | mainraceId | INFO  | 364 | main | org.springframework.security.web.DefaultSecurityFilterChain.<init>(DefaultSecurityFilterChain.java:55) : Will secure any request with [org.springframework.security.web.context.request.async.WebAsyncManagerIntegrationFilter@2b35c7aa, org.springframework.security.web.context.SecurityContextPersistenceFilter@543b0737, org.springframework.security.web.header.HeaderWriterFilter@40cf6254, org.springframework.web.filter.CorsFilter@6dd20ec9, org.springframework.security.web.authentication.logout.LogoutFilter@7dd3981e, com.qingfeng.henthouse.filter.JwtAuthenticationTokenFilter@8f40022, org.springframework.security.web.savedrequest.RequestCacheAwareFilter@48632f69, org.springframework.security.web.servletapi.SecurityContextHolderAwareRequestFilter@2109a691, org.springframework.security.web.authentication.AnonymousAuthenticationFilter@20dd5870, org.springframework.security.web.session.SessionManagementFilter@1e471884, org.springframework.security.web.access.ExceptionTranslationFilter@5ed65e4b, org.springframework.security.web.access.intercept.FilterSecurityInterceptor@3e39e0fb]
2023-10-22 17:26:54.922 | mainraceId | INFO  | 364 | main | org.springframework.boot.web.embedded.tomcat.TomcatWebServer.start(TomcatWebServer.java:220) : Tomcat started on port(s): 8802 (http) with context path ''
2023-10-22 17:26:54.952 | mainraceId | INFO  | 364 | main | org.springframework.boot.StartupInfoLogger.logStarted(StartupInfoLogger.java:61) : Started HenthouseApplication in 6.894 seconds (JVM running for 13.297)
2023-10-22 17:26:59.936 | http-nio-8802-exec-2raceId | INFO  | 364 | http-nio-8802-exec-2 | org.springframework.web.servlet.FrameworkServlet.initServletBean(FrameworkServlet.java:525) : Initializing Servlet 'dispatcherServlet'
2023-10-22 17:26:59.938 | http-nio-8802-exec-2raceId | INFO  | 364 | http-nio-8802-exec-2 | org.springframework.web.servlet.FrameworkServlet.initServletBean(FrameworkServlet.java:547) : Completed initialization in 1 ms
2023-10-22 17:31:03.755 | background-preinitraceId | INFO  | 23460 | background-preinit | org.hibernate.validator.internal.util.Version.<clinit>(Version.java:21) : HV000001: Hibernate Validator 6.2.5.Final
2023-10-22 17:31:03.777 | mainraceId | INFO  | 23460 | main | org.springframework.boot.StartupInfoLogger.logStarting(StartupInfoLogger.java:55) : Starting HenthouseApplication using Java 1.8.0_281 on 无敌暴龙兽 with PID 23460 (D:\桌面\学习\练手项目a\小说网站\henthouse\target\classes started by HASEE in D:\桌面\学习\练手项目a\小说网站\henthouse)
2023-10-22 17:31:03.781 | mainraceId | INFO  | 23460 | main | org.springframework.boot.SpringApplication.logStartupProfileInfo(SpringApplication.java:645) : No active profile set, falling back to 1 default profile: "default"
2023-10-22 17:31:04.628 | mainraceId | INFO  | 23460 | main | org.springframework.data.repository.config.RepositoryConfigurationDelegate.multipleStoresDetected(RepositoryConfigurationDelegate.java:262) : Multiple Spring Data modules found, entering strict repository configuration mode
2023-10-22 17:31:04.630 | mainraceId | INFO  | 23460 | main | org.springframework.data.repository.config.RepositoryConfigurationDelegate.registerRepositoriesIn(RepositoryConfigurationDelegate.java:132) : Bootstrapping Spring Data Redis repositories in DEFAULT mode.
2023-10-22 17:31:04.671 | mainraceId | INFO  | 23460 | main | org.springframework.data.repository.config.RepositoryConfigurationDelegate.registerRepositoriesIn(RepositoryConfigurationDelegate.java:201) : Finished Spring Data repository scanning in 29 ms. Found 0 Redis repository interfaces.
2023-10-22 17:31:05.281 | mainraceId | INFO  | 23460 | main | org.springframework.boot.web.embedded.tomcat.TomcatWebServer.initialize(TomcatWebServer.java:108) : Tomcat initialized with port(s): 8802 (http)
2023-10-22 17:31:05.419 | mainraceId | INFO  | 23460 | main | org.springframework.boot.web.servlet.context.ServletWebServerApplicationContext.prepareWebApplicationContext(ServletWebServerApplicationContext.java:290) : Root WebApplicationContext: initialization completed in 1582 ms
2023-10-22 17:31:08.975 | mainraceId | INFO  | 23460 | main | org.springframework.security.web.DefaultSecurityFilterChain.<init>(DefaultSecurityFilterChain.java:55) : Will secure any request with [org.springframework.security.web.context.request.async.WebAsyncManagerIntegrationFilter@48ae9e8b, org.springframework.security.web.context.SecurityContextPersistenceFilter@37d6dddc, org.springframework.security.web.header.HeaderWriterFilter@59313495, org.springframework.web.filter.CorsFilter@6eaa6b0c, org.springframework.security.web.authentication.logout.LogoutFilter@382d549a, com.qingfeng.henthouse.filter.JwtAuthenticationTokenFilter@1b3ab4f9, org.springframework.security.web.savedrequest.RequestCacheAwareFilter@6e517c9e, org.springframework.security.web.servletapi.SecurityContextHolderAwareRequestFilter@6723cce7, org.springframework.security.web.authentication.AnonymousAuthenticationFilter@4afcae7, org.springframework.security.web.session.SessionManagementFilter@464400b3, org.springframework.security.web.access.ExceptionTranslationFilter@734f8317, org.springframework.security.web.access.intercept.FilterSecurityInterceptor@39851c5]
2023-10-22 17:31:09.081 | mainraceId | INFO  | 23460 | main | org.springframework.boot.web.embedded.tomcat.TomcatWebServer.start(TomcatWebServer.java:220) : Tomcat started on port(s): 8802 (http) with context path ''
2023-10-22 17:31:09.113 | mainraceId | INFO  | 23460 | main | org.springframework.boot.StartupInfoLogger.logStarted(StartupInfoLogger.java:61) : Started HenthouseApplication in 5.632 seconds (JVM running for 11.492)
2023-10-22 17:31:18.606 | http-nio-8802-exec-2raceId | INFO  | 23460 | http-nio-8802-exec-2 | org.springframework.web.servlet.FrameworkServlet.initServletBean(FrameworkServlet.java:525) : Initializing Servlet 'dispatcherServlet'
2023-10-22 17:31:18.607 | http-nio-8802-exec-2raceId | INFO  | 23460 | http-nio-8802-exec-2 | org.springframework.web.servlet.FrameworkServlet.initServletBean(FrameworkServlet.java:547) : Completed initialization in 1 ms
2023-10-22 17:37:13.802 | background-preinitraceId | INFO  | 22884 | background-preinit | org.hibernate.validator.internal.util.Version.<clinit>(Version.java:21) : HV000001: Hibernate Validator 6.2.5.Final
2023-10-22 17:37:13.857 | mainraceId | INFO  | 22884 | main | org.springframework.boot.StartupInfoLogger.logStarting(StartupInfoLogger.java:55) : Starting HenthouseApplication using Java 1.8.0_281 on 无敌暴龙兽 with PID 22884 (D:\桌面\学习\练手项目a\小说网站\henthouse\target\classes started by HASEE in D:\桌面\学习\练手项目a\小说网站\henthouse)
2023-10-22 17:37:13.860 | mainraceId | INFO  | 22884 | main | org.springframework.boot.SpringApplication.logStartupProfileInfo(SpringApplication.java:645) : No active profile set, falling back to 1 default profile: "default"
2023-10-22 17:37:16.296 | mainraceId | INFO  | 22884 | main | org.springframework.data.repository.config.RepositoryConfigurationDelegate.multipleStoresDetected(RepositoryConfigurationDelegate.java:262) : Multiple Spring Data modules found, entering strict repository configuration mode
2023-10-22 17:37:16.306 | mainraceId | INFO  | 22884 | main | org.springframework.data.repository.config.RepositoryConfigurationDelegate.registerRepositoriesIn(RepositoryConfigurationDelegate.java:132) : Bootstrapping Spring Data Redis repositories in DEFAULT mode.
2023-10-22 17:37:16.540 | mainraceId | INFO  | 22884 | main | org.springframework.data.repository.config.RepositoryConfigurationDelegate.registerRepositoriesIn(RepositoryConfigurationDelegate.java:201) : Finished Spring Data repository scanning in 195 ms. Found 0 Redis repository interfaces.
2023-10-22 17:37:18.599 | mainraceId | INFO  | 22884 | main | org.springframework.boot.web.embedded.tomcat.TomcatWebServer.initialize(TomcatWebServer.java:108) : Tomcat initialized with port(s): 8802 (http)
2023-10-22 17:37:18.755 | mainraceId | INFO  | 22884 | main | org.springframework.boot.web.servlet.context.ServletWebServerApplicationContext.prepareWebApplicationContext(ServletWebServerApplicationContext.java:290) : Root WebApplicationContext: initialization completed in 4857 ms
2023-10-22 17:37:25.576 | mainraceId | INFO  | 22884 | main | org.springframework.security.web.DefaultSecurityFilterChain.<init>(DefaultSecurityFilterChain.java:55) : Will secure any request with [org.springframework.security.web.context.request.async.WebAsyncManagerIntegrationFilter@42c9b1ee, org.springframework.security.web.context.SecurityContextPersistenceFilter@64e657b0, org.springframework.security.web.header.HeaderWriterFilter@576b385d, org.springframework.web.filter.CorsFilter@217c6a1e, org.springframework.security.web.authentication.logout.LogoutFilter@34626d4, com.qingfeng.henthouse.filter.JwtAuthenticationTokenFilter@7d61468c, org.springframework.security.web.savedrequest.RequestCacheAwareFilter@6c46dc02, org.springframework.security.web.servletapi.SecurityContextHolderAwareRequestFilter@783f5f71, org.springframework.security.web.authentication.AnonymousAuthenticationFilter@3fad8636, org.springframework.security.web.session.SessionManagementFilter@c79780, org.springframework.security.web.access.ExceptionTranslationFilter@36d39655, org.springframework.security.web.access.intercept.FilterSecurityInterceptor@30bf881e]
2023-10-22 17:37:25.716 | mainraceId | WARN  | 22884 | main | org.springframework.context.support.AbstractApplicationContext.refresh(AbstractApplicationContext.java:591) : Exception encountered during context initialization - cancelling refresh attempt: org.springframework.context.ApplicationContextException: Failed to start bean 'webServerStartStop'; nested exception is org.springframework.boot.web.server.PortInUseException: Port 8802 is already in use
2023-10-22 17:37:25.774 | mainraceId | INFO  | 22884 | main | org.springframework.boot.autoconfigure.logging.ConditionEvaluationReportLoggingListener.logMessage(ConditionEvaluationReportLoggingListener.java:136) : 

Error starting ApplicationContext. To display the conditions report re-run your application with 'debug' enabled.
2023-10-22 17:37:25.796 | mainraceId | ERROR | 22884 | main | org.springframework.boot.diagnostics.LoggingFailureAnalysisReporter.report(LoggingFailureAnalysisReporter.java:40) : 

***************************
APPLICATION FAILED TO START
***************************

Description:

Web server failed to start. Port 8802 was already in use.

Action:

Identify and stop the process that's listening on port 8802 or configure this application to listen on another port.

2023-10-22 17:38:12.422 | background-preinitraceId | INFO  | 11812 | background-preinit | org.hibernate.validator.internal.util.Version.<clinit>(Version.java:21) : HV000001: Hibernate Validator 6.2.5.Final
2023-10-22 17:38:12.474 | mainraceId | INFO  | 11812 | main | org.springframework.boot.StartupInfoLogger.logStarting(StartupInfoLogger.java:55) : Starting HenthouseApplication using Java 1.8.0_281 on 无敌暴龙兽 with PID 11812 (D:\桌面\学习\练手项目a\小说网站\henthouse\target\classes started by HASEE in D:\桌面\学习\练手项目a\小说网站\henthouse)
2023-10-22 17:38:12.479 | mainraceId | INFO  | 11812 | main | org.springframework.boot.SpringApplication.logStartupProfileInfo(SpringApplication.java:645) : No active profile set, falling back to 1 default profile: "default"
2023-10-22 17:38:13.526 | mainraceId | INFO  | 11812 | main | org.springframework.data.repository.config.RepositoryConfigurationDelegate.multipleStoresDetected(RepositoryConfigurationDelegate.java:262) : Multiple Spring Data modules found, entering strict repository configuration mode
2023-10-22 17:38:13.528 | mainraceId | INFO  | 11812 | main | org.springframework.data.repository.config.RepositoryConfigurationDelegate.registerRepositoriesIn(RepositoryConfigurationDelegate.java:132) : Bootstrapping Spring Data Redis repositories in DEFAULT mode.
2023-10-22 17:38:13.571 | mainraceId | INFO  | 11812 | main | org.springframework.data.repository.config.RepositoryConfigurationDelegate.registerRepositoriesIn(RepositoryConfigurationDelegate.java:201) : Finished Spring Data repository scanning in 29 ms. Found 0 Redis repository interfaces.
2023-10-22 17:38:14.507 | mainraceId | INFO  | 11812 | main | org.springframework.boot.web.embedded.tomcat.TomcatWebServer.initialize(TomcatWebServer.java:108) : Tomcat initialized with port(s): 8802 (http)
2023-10-22 17:38:14.741 | mainraceId | INFO  | 11812 | main | org.springframework.boot.web.servlet.context.ServletWebServerApplicationContext.prepareWebApplicationContext(ServletWebServerApplicationContext.java:290) : Root WebApplicationContext: initialization completed in 2230 ms
2023-10-22 17:38:18.315 | mainraceId | INFO  | 11812 | main | org.springframework.security.web.DefaultSecurityFilterChain.<init>(DefaultSecurityFilterChain.java:55) : Will secure any request with [org.springframework.security.web.context.request.async.WebAsyncManagerIntegrationFilter@48b9773b, org.springframework.security.web.context.SecurityContextPersistenceFilter@403cff1c, org.springframework.security.web.header.HeaderWriterFilter@cda144a, org.springframework.web.filter.CorsFilter@43ca96a0, org.springframework.security.web.authentication.logout.LogoutFilter@10ec4721, com.qingfeng.henthouse.filter.JwtAuthenticationTokenFilter@2dd3d39d, org.springframework.security.web.savedrequest.RequestCacheAwareFilter@b548f51, org.springframework.security.web.servletapi.SecurityContextHolderAwareRequestFilter@34b462e0, org.springframework.security.web.authentication.AnonymousAuthenticationFilter@7c68a63c, org.springframework.security.web.session.SessionManagementFilter@615e7fe7, org.springframework.security.web.access.ExceptionTranslationFilter@1c5cd2ea, org.springframework.security.web.access.intercept.FilterSecurityInterceptor@2626aa35]
2023-10-22 17:38:18.406 | mainraceId | WARN  | 11812 | main | org.springframework.context.support.AbstractApplicationContext.refresh(AbstractApplicationContext.java:591) : Exception encountered during context initialization - cancelling refresh attempt: org.springframework.context.ApplicationContextException: Failed to start bean 'webServerStartStop'; nested exception is org.springframework.boot.web.server.PortInUseException: Port 8802 is already in use
2023-10-22 17:38:18.470 | mainraceId | INFO  | 11812 | main | org.springframework.boot.autoconfigure.logging.ConditionEvaluationReportLoggingListener.logMessage(ConditionEvaluationReportLoggingListener.java:136) : 

Error starting ApplicationContext. To display the conditions report re-run your application with 'debug' enabled.
2023-10-22 17:38:18.485 | mainraceId | ERROR | 11812 | main | org.springframework.boot.diagnostics.LoggingFailureAnalysisReporter.report(LoggingFailureAnalysisReporter.java:40) : 

***************************
APPLICATION FAILED TO START
***************************

Description:

Web server failed to start. Port 8802 was already in use.

Action:

Identify and stop the process that's listening on port 8802 or configure this application to listen on another port.

2023-10-22 17:38:48.948 | background-preinitraceId | INFO  | 27640 | background-preinit | org.hibernate.validator.internal.util.Version.<clinit>(Version.java:21) : HV000001: Hibernate Validator 6.2.5.Final
2023-10-22 17:38:49.001 | mainraceId | INFO  | 27640 | main | org.springframework.boot.StartupInfoLogger.logStarting(StartupInfoLogger.java:55) : Starting HenthouseApplication using Java 1.8.0_281 on 无敌暴龙兽 with PID 27640 (D:\桌面\学习\练手项目a\小说网站\henthouse\target\classes started by HASEE in D:\桌面\学习\练手项目a\小说网站\henthouse)
2023-10-22 17:38:49.006 | mainraceId | INFO  | 27640 | main | org.springframework.boot.SpringApplication.logStartupProfileInfo(SpringApplication.java:645) : No active profile set, falling back to 1 default profile: "default"
2023-10-22 17:38:49.903 | mainraceId | INFO  | 27640 | main | org.springframework.data.repository.config.RepositoryConfigurationDelegate.multipleStoresDetected(RepositoryConfigurationDelegate.java:262) : Multiple Spring Data modules found, entering strict repository configuration mode
2023-10-22 17:38:49.906 | mainraceId | INFO  | 27640 | main | org.springframework.data.repository.config.RepositoryConfigurationDelegate.registerRepositoriesIn(RepositoryConfigurationDelegate.java:132) : Bootstrapping Spring Data Redis repositories in DEFAULT mode.
2023-10-22 17:38:49.946 | mainraceId | INFO  | 27640 | main | org.springframework.data.repository.config.RepositoryConfigurationDelegate.registerRepositoriesIn(RepositoryConfigurationDelegate.java:201) : Finished Spring Data repository scanning in 27 ms. Found 0 Redis repository interfaces.
2023-10-22 17:38:50.635 | mainraceId | INFO  | 27640 | main | org.springframework.boot.web.embedded.tomcat.TomcatWebServer.initialize(TomcatWebServer.java:108) : Tomcat initialized with port(s): 8802 (http)
2023-10-22 17:38:50.779 | mainraceId | INFO  | 27640 | main | org.springframework.boot.web.servlet.context.ServletWebServerApplicationContext.prepareWebApplicationContext(ServletWebServerApplicationContext.java:290) : Root WebApplicationContext: initialization completed in 1738 ms
2023-10-22 17:38:54.273 | mainraceId | INFO  | 27640 | main | org.springframework.security.web.DefaultSecurityFilterChain.<init>(DefaultSecurityFilterChain.java:55) : Will secure any request with [org.springframework.security.web.context.request.async.WebAsyncManagerIntegrationFilter@1bbb48dd, org.springframework.security.web.context.SecurityContextPersistenceFilter@5ef591af, org.springframework.security.web.header.HeaderWriterFilter@a859c5, org.springframework.web.filter.CorsFilter@f9de1fd, org.springframework.security.web.authentication.logout.LogoutFilter@59929ac, com.qingfeng.henthouse.filter.JwtAuthenticationTokenFilter@21e484b, org.springframework.security.web.savedrequest.RequestCacheAwareFilter@71fb1da3, org.springframework.security.web.servletapi.SecurityContextHolderAwareRequestFilter@694b1ddb, org.springframework.security.web.authentication.AnonymousAuthenticationFilter@4fef4f96, org.springframework.security.web.session.SessionManagementFilter@10301d6f, org.springframework.security.web.access.ExceptionTranslationFilter@75f2ff80, org.springframework.security.web.access.intercept.FilterSecurityInterceptor@2a73a64f]
2023-10-22 17:38:54.387 | mainraceId | INFO  | 27640 | main | org.springframework.boot.web.embedded.tomcat.TomcatWebServer.start(TomcatWebServer.java:220) : Tomcat started on port(s): 8802 (http) with context path ''
2023-10-22 17:38:54.422 | mainraceId | INFO  | 27640 | main | org.springframework.boot.StartupInfoLogger.logStarted(StartupInfoLogger.java:61) : Started HenthouseApplication in 5.774 seconds (JVM running for 11.698)
2023-10-22 17:39:00.716 | http-nio-8802-exec-5raceId | INFO  | 27640 | http-nio-8802-exec-5 | org.springframework.web.servlet.FrameworkServlet.initServletBean(FrameworkServlet.java:525) : Initializing Servlet 'dispatcherServlet'
2023-10-22 17:39:00.717 | http-nio-8802-exec-5raceId | INFO  | 27640 | http-nio-8802-exec-5 | org.springframework.web.servlet.FrameworkServlet.initServletBean(FrameworkServlet.java:547) : Completed initialization in 1 ms
2023-10-22 17:40:20.892 | background-preinitraceId | INFO  | 28192 | background-preinit | org.hibernate.validator.internal.util.Version.<clinit>(Version.java:21) : HV000001: Hibernate Validator 6.2.5.Final
2023-10-22 17:40:20.926 | mainraceId | INFO  | 28192 | main | org.springframework.boot.StartupInfoLogger.logStarting(StartupInfoLogger.java:55) : Starting HenthouseApplication using Java 1.8.0_281 on 无敌暴龙兽 with PID 28192 (D:\桌面\学习\练手项目a\小说网站\henthouse\target\classes started by HASEE in D:\桌面\学习\练手项目a\小说网站\henthouse)
2023-10-22 17:40:20.929 | mainraceId | INFO  | 28192 | main | org.springframework.boot.SpringApplication.logStartupProfileInfo(SpringApplication.java:645) : No active profile set, falling back to 1 default profile: "default"
2023-10-22 17:40:21.856 | mainraceId | INFO  | 28192 | main | org.springframework.data.repository.config.RepositoryConfigurationDelegate.multipleStoresDetected(RepositoryConfigurationDelegate.java:262) : Multiple Spring Data modules found, entering strict repository configuration mode
2023-10-22 17:40:21.858 | mainraceId | INFO  | 28192 | main | org.springframework.data.repository.config.RepositoryConfigurationDelegate.registerRepositoriesIn(RepositoryConfigurationDelegate.java:132) : Bootstrapping Spring Data Redis repositories in DEFAULT mode.
2023-10-22 17:40:21.898 | mainraceId | INFO  | 28192 | main | org.springframework.data.repository.config.RepositoryConfigurationDelegate.registerRepositoriesIn(RepositoryConfigurationDelegate.java:201) : Finished Spring Data repository scanning in 28 ms. Found 0 Redis repository interfaces.
2023-10-22 17:40:22.566 | mainraceId | INFO  | 28192 | main | org.springframework.boot.web.embedded.tomcat.TomcatWebServer.initialize(TomcatWebServer.java:108) : Tomcat initialized with port(s): 8802 (http)
2023-10-22 17:40:22.706 | mainraceId | INFO  | 28192 | main | org.springframework.boot.web.servlet.context.ServletWebServerApplicationContext.prepareWebApplicationContext(ServletWebServerApplicationContext.java:290) : Root WebApplicationContext: initialization completed in 1719 ms
2023-10-22 17:40:26.203 | mainraceId | INFO  | 28192 | main | org.springframework.security.web.DefaultSecurityFilterChain.<init>(DefaultSecurityFilterChain.java:55) : Will secure any request with [org.springframework.security.web.context.request.async.WebAsyncManagerIntegrationFilter@71e2843b, org.springframework.security.web.context.SecurityContextPersistenceFilter@1942a36e, org.springframework.security.web.header.HeaderWriterFilter@55c341d0, org.springframework.web.filter.CorsFilter@20d3fff4, org.springframework.security.web.authentication.logout.LogoutFilter@74787609, com.qingfeng.henthouse.filter.JwtAuthenticationTokenFilter@7bf65e0f, org.springframework.security.web.savedrequest.RequestCacheAwareFilter@1f8d42d1, org.springframework.security.web.servletapi.SecurityContextHolderAwareRequestFilter@6e6f5842, org.springframework.security.web.authentication.AnonymousAuthenticationFilter@52325940, org.springframework.security.web.session.SessionManagementFilter@7978550b, org.springframework.security.web.access.ExceptionTranslationFilter@3ea6faf0, org.springframework.security.web.access.intercept.FilterSecurityInterceptor@1fb30e5d]
2023-10-22 17:40:26.302 | mainraceId | INFO  | 28192 | main | org.springframework.boot.web.embedded.tomcat.TomcatWebServer.start(TomcatWebServer.java:220) : Tomcat started on port(s): 8802 (http) with context path ''
2023-10-22 17:40:26.334 | mainraceId | INFO  | 28192 | main | org.springframework.boot.StartupInfoLogger.logStarted(StartupInfoLogger.java:61) : Started HenthouseApplication in 5.754 seconds (JVM running for 11.684)
2023-10-22 17:40:40.920 | http-nio-8802-exec-3raceId | INFO  | 28192 | http-nio-8802-exec-3 | org.springframework.web.servlet.FrameworkServlet.initServletBean(FrameworkServlet.java:525) : Initializing Servlet 'dispatcherServlet'
2023-10-22 17:40:40.922 | http-nio-8802-exec-3raceId | INFO  | 28192 | http-nio-8802-exec-3 | org.springframework.web.servlet.FrameworkServlet.initServletBean(FrameworkServlet.java:547) : Completed initialization in 2 ms
2023-10-22 17:41:38.068 | background-preinitraceId | INFO  | 25256 | background-preinit | org.hibernate.validator.internal.util.Version.<clinit>(Version.java:21) : HV000001: Hibernate Validator 6.2.5.Final
2023-10-22 17:41:38.123 | mainraceId | INFO  | 25256 | main | org.springframework.boot.StartupInfoLogger.logStarting(StartupInfoLogger.java:55) : Starting HenthouseApplication using Java 1.8.0_281 on 无敌暴龙兽 with PID 25256 (D:\桌面\学习\练手项目a\小说网站\henthouse\target\classes started by HASEE in D:\桌面\学习\练手项目a\小说网站\henthouse)
2023-10-22 17:41:38.128 | mainraceId | INFO  | 25256 | main | org.springframework.boot.SpringApplication.logStartupProfileInfo(SpringApplication.java:645) : No active profile set, falling back to 1 default profile: "default"
2023-10-22 17:41:38.994 | mainraceId | INFO  | 25256 | main | org.springframework.data.repository.config.RepositoryConfigurationDelegate.multipleStoresDetected(RepositoryConfigurationDelegate.java:262) : Multiple Spring Data modules found, entering strict repository configuration mode
2023-10-22 17:41:38.997 | mainraceId | INFO  | 25256 | main | org.springframework.data.repository.config.RepositoryConfigurationDelegate.registerRepositoriesIn(RepositoryConfigurationDelegate.java:132) : Bootstrapping Spring Data Redis repositories in DEFAULT mode.
2023-10-22 17:41:39.037 | mainraceId | INFO  | 25256 | main | org.springframework.data.repository.config.RepositoryConfigurationDelegate.registerRepositoriesIn(RepositoryConfigurationDelegate.java:201) : Finished Spring Data repository scanning in 28 ms. Found 0 Redis repository interfaces.
2023-10-22 17:41:39.690 | mainraceId | INFO  | 25256 | main | org.springframework.boot.web.embedded.tomcat.TomcatWebServer.initialize(TomcatWebServer.java:108) : Tomcat initialized with port(s): 8802 (http)
2023-10-22 17:41:39.838 | mainraceId | INFO  | 25256 | main | org.springframework.boot.web.servlet.context.ServletWebServerApplicationContext.prepareWebApplicationContext(ServletWebServerApplicationContext.java:290) : Root WebApplicationContext: initialization completed in 1678 ms
2023-10-22 17:41:43.771 | mainraceId | INFO  | 25256 | main | org.springframework.security.web.DefaultSecurityFilterChain.<init>(DefaultSecurityFilterChain.java:55) : Will secure any request with [org.springframework.security.web.context.request.async.WebAsyncManagerIntegrationFilter@65f470f8, org.springframework.security.web.context.SecurityContextPersistenceFilter@4769378c, org.springframework.security.web.header.HeaderWriterFilter@c96c497, org.springframework.web.filter.CorsFilter@531299d3, org.springframework.security.web.authentication.logout.LogoutFilter@1d535b78, com.qingfeng.henthouse.filter.JwtAuthenticationTokenFilter@68a426c3, org.springframework.security.web.savedrequest.RequestCacheAwareFilter@67671db1, org.springframework.security.web.servletapi.SecurityContextHolderAwareRequestFilter@2ec156fb, org.springframework.security.web.authentication.AnonymousAuthenticationFilter@3487947c, org.springframework.security.web.session.SessionManagementFilter@22ab1b8a, org.springframework.security.web.access.ExceptionTranslationFilter@45cf0c15, org.springframework.security.web.access.intercept.FilterSecurityInterceptor@70df41f9]
2023-10-22 17:41:43.893 | mainraceId | INFO  | 25256 | main | org.springframework.boot.web.embedded.tomcat.TomcatWebServer.start(TomcatWebServer.java:220) : Tomcat started on port(s): 8802 (http) with context path ''
2023-10-22 17:41:43.937 | mainraceId | INFO  | 25256 | main | org.springframework.boot.StartupInfoLogger.logStarted(StartupInfoLogger.java:61) : Started HenthouseApplication in 6.177 seconds (JVM running for 12.03)
2023-10-22 17:41:46.357 | http-nio-8802-exec-2raceId | INFO  | 25256 | http-nio-8802-exec-2 | org.springframework.web.servlet.FrameworkServlet.initServletBean(FrameworkServlet.java:525) : Initializing Servlet 'dispatcherServlet'
2023-10-22 17:41:46.359 | http-nio-8802-exec-2raceId | INFO  | 25256 | http-nio-8802-exec-2 | org.springframework.web.servlet.FrameworkServlet.initServletBean(FrameworkServlet.java:547) : Completed initialization in 1 ms
2023-10-22 17:46:01.126 | http-nio-8802-exec-2raceId | WARN  | 25256 | http-nio-8802-exec-2 | org.springframework.web.servlet.DispatcherServlet.noHandlerFound(DispatcherServlet.java:1282) : No mapping for GET /images/bookundefined
2023-10-22 17:46:43.617 | http-nio-8802-exec-3raceId | WARN  | 25256 | http-nio-8802-exec-3 | org.springframework.web.servlet.DispatcherServlet.noHandlerFound(DispatcherServlet.java:1282) : No mapping for GET /images/bookundefined
2023-10-22 17:46:46.391 | http-nio-8802-exec-2raceId | WARN  | 25256 | http-nio-8802-exec-2 | org.springframework.web.servlet.DispatcherServlet.noHandlerFound(DispatcherServlet.java:1282) : No mapping for GET /images/bookundefined
2023-10-22 17:46:47.601 | http-nio-8802-exec-6raceId | WARN  | 25256 | http-nio-8802-exec-6 | org.springframework.web.servlet.DispatcherServlet.noHandlerFound(DispatcherServlet.java:1282) : No mapping for GET /images/bookundefined
2023-10-22 17:46:50.492 | http-nio-8802-exec-7raceId | WARN  | 25256 | http-nio-8802-exec-7 | org.springframework.web.servlet.DispatcherServlet.noHandlerFound(DispatcherServlet.java:1282) : No mapping for GET /images/bookundefined
2023-10-22 17:47:36.411 | http-nio-8802-exec-1raceId | WARN  | 25256 | http-nio-8802-exec-1 | org.springframework.web.servlet.DispatcherServlet.noHandlerFound(DispatcherServlet.java:1282) : No mapping for GET /images/bookundefined
2023-10-22 17:47:59.671 | http-nio-8802-exec-8raceId | WARN  | 25256 | http-nio-8802-exec-8 | org.springframework.web.servlet.DispatcherServlet.noHandlerFound(DispatcherServlet.java:1282) : No mapping for GET /images/bookundefined
2023-10-22 17:48:07.218 | http-nio-8802-exec-8raceId | WARN  | 25256 | http-nio-8802-exec-8 | org.springframework.web.servlet.DispatcherServlet.noHandlerFound(DispatcherServlet.java:1282) : No mapping for GET /images/bookundefined
2023-10-22 17:49:22.066 | http-nio-8802-exec-3raceId | WARN  | 25256 | http-nio-8802-exec-3 | org.springframework.web.servlet.DispatcherServlet.noHandlerFound(DispatcherServlet.java:1282) : No mapping for GET /images/bookundefined
2023-10-22 17:49:27.231 | http-nio-8802-exec-8raceId | WARN  | 25256 | http-nio-8802-exec-8 | org.springframework.web.servlet.DispatcherServlet.noHandlerFound(DispatcherServlet.java:1282) : No mapping for GET /images/bookundefined
2023-10-22 17:49:36.461 | http-nio-8802-exec-6raceId | WARN  | 25256 | http-nio-8802-exec-6 | org.springframework.web.servlet.DispatcherServlet.noHandlerFound(DispatcherServlet.java:1282) : No mapping for GET /images/bookundefined
2023-10-22 17:49:42.513 | http-nio-8802-exec-7raceId | WARN  | 25256 | http-nio-8802-exec-7 | org.springframework.web.servlet.DispatcherServlet.noHandlerFound(DispatcherServlet.java:1282) : No mapping for GET /images/bookundefined
2023-10-22 17:49:44.064 | http-nio-8802-exec-9raceId | WARN  | 25256 | http-nio-8802-exec-9 | org.springframework.web.servlet.DispatcherServlet.noHandlerFound(DispatcherServlet.java:1282) : No mapping for GET /images/bookundefined
2023-10-22 17:49:45.690 | http-nio-8802-exec-7raceId | WARN  | 25256 | http-nio-8802-exec-7 | org.springframework.web.servlet.DispatcherServlet.noHandlerFound(DispatcherServlet.java:1282) : No mapping for GET /images/bookundefined
2023-10-22 17:50:15.687 | http-nio-8802-exec-9raceId | WARN  | 25256 | http-nio-8802-exec-9 | org.springframework.web.servlet.DispatcherServlet.noHandlerFound(DispatcherServlet.java:1282) : No mapping for GET /images/bookundefined
2023-10-22 17:50:16.793 | http-nio-8802-exec-5raceId | WARN  | 25256 | http-nio-8802-exec-5 | org.springframework.web.servlet.DispatcherServlet.noHandlerFound(DispatcherServlet.java:1282) : No mapping for GET /images/bookundefined
2023-10-22 17:50:55.901 | http-nio-8802-exec-8raceId | WARN  | 25256 | http-nio-8802-exec-8 | org.springframework.web.servlet.DispatcherServlet.noHandlerFound(DispatcherServlet.java:1282) : No mapping for GET /images/bookundefined
2023-10-22 17:51:02.198 | http-nio-8802-exec-9raceId | WARN  | 25256 | http-nio-8802-exec-9 | org.springframework.web.servlet.DispatcherServlet.noHandlerFound(DispatcherServlet.java:1282) : No mapping for GET /images/bookundefined
2023-10-22 17:51:14.000 | http-nio-8802-exec-7raceId | WARN  | 25256 | http-nio-8802-exec-7 | org.springframework.web.servlet.DispatcherServlet.noHandlerFound(DispatcherServlet.java:1282) : No mapping for GET /images/bookundefined
2023-10-22 17:51:21.689 | http-nio-8802-exec-5raceId | WARN  | 25256 | http-nio-8802-exec-5 | org.springframework.web.servlet.DispatcherServlet.noHandlerFound(DispatcherServlet.java:1282) : No mapping for GET /images/bookundefined
2023-10-22 17:51:24.472 | http-nio-8802-exec-2raceId | WARN  | 25256 | http-nio-8802-exec-2 | org.springframework.web.servlet.DispatcherServlet.noHandlerFound(DispatcherServlet.java:1282) : No mapping for GET /images/bookundefined
2023-10-22 17:51:26.484 | http-nio-8802-exec-8raceId | WARN  | 25256 | http-nio-8802-exec-8 | org.springframework.web.servlet.DispatcherServlet.noHandlerFound(DispatcherServlet.java:1282) : No mapping for GET /images/bookundefined
2023-10-22 17:51:29.953 | http-nio-8802-exec-5raceId | WARN  | 25256 | http-nio-8802-exec-5 | org.springframework.web.servlet.DispatcherServlet.noHandlerFound(DispatcherServlet.java:1282) : No mapping for GET /images/bookundefined
2023-10-22 17:51:33.463 | http-nio-8802-exec-5raceId | WARN  | 25256 | http-nio-8802-exec-5 | org.springframework.web.servlet.DispatcherServlet.noHandlerFound(DispatcherServlet.java:1282) : No mapping for GET /images/bookundefined
2023-10-22 17:57:45.016 | background-preinitraceId | INFO  | 32876 | background-preinit | org.hibernate.validator.internal.util.Version.<clinit>(Version.java:21) : HV000001: Hibernate Validator 6.2.5.Final
2023-10-22 17:57:45.066 | mainraceId | INFO  | 32876 | main | org.springframework.boot.StartupInfoLogger.logStarting(StartupInfoLogger.java:55) : Starting HenthouseApplication using Java 1.8.0_281 on 无敌暴龙兽 with PID 32876 (D:\桌面\学习\练手项目a\小说网站\henthouse\target\classes started by HASEE in D:\桌面\学习\练手项目a\小说网站\henthouse)
2023-10-22 17:57:45.070 | mainraceId | INFO  | 32876 | main | org.springframework.boot.SpringApplication.logStartupProfileInfo(SpringApplication.java:645) : No active profile set, falling back to 1 default profile: "default"
2023-10-22 17:57:46.076 | mainraceId | INFO  | 32876 | main | org.springframework.data.repository.config.RepositoryConfigurationDelegate.multipleStoresDetected(RepositoryConfigurationDelegate.java:262) : Multiple Spring Data modules found, entering strict repository configuration mode
2023-10-22 17:57:46.078 | mainraceId | INFO  | 32876 | main | org.springframework.data.repository.config.RepositoryConfigurationDelegate.registerRepositoriesIn(RepositoryConfigurationDelegate.java:132) : Bootstrapping Spring Data Redis repositories in DEFAULT mode.
2023-10-22 17:57:46.131 | mainraceId | INFO  | 32876 | main | org.springframework.data.repository.config.RepositoryConfigurationDelegate.registerRepositoriesIn(RepositoryConfigurationDelegate.java:201) : Finished Spring Data repository scanning in 39 ms. Found 0 Redis repository interfaces.
2023-10-22 17:57:47.033 | mainraceId | INFO  | 32876 | main | org.springframework.boot.web.embedded.tomcat.TomcatWebServer.initialize(TomcatWebServer.java:108) : Tomcat initialized with port(s): 8802 (http)
2023-10-22 17:57:47.224 | mainraceId | INFO  | 32876 | main | org.springframework.boot.web.servlet.context.ServletWebServerApplicationContext.prepareWebApplicationContext(ServletWebServerApplicationContext.java:290) : Root WebApplicationContext: initialization completed in 2123 ms
2023-10-22 17:57:50.733 | mainraceId | INFO  | 32876 | main | org.springframework.security.web.DefaultSecurityFilterChain.<init>(DefaultSecurityFilterChain.java:55) : Will secure any request with [org.springframework.security.web.context.request.async.WebAsyncManagerIntegrationFilter@c96c497, org.springframework.security.web.context.SecurityContextPersistenceFilter@48b9773b, org.springframework.security.web.header.HeaderWriterFilter@4a14f7d7, org.springframework.web.filter.CorsFilter@6e337ba1, org.springframework.security.web.authentication.logout.LogoutFilter@2dbb8da0, com.qingfeng.henthouse.filter.JwtAuthenticationTokenFilter@40b31a16, org.springframework.security.web.savedrequest.RequestCacheAwareFilter@7c68a63c, org.springframework.security.web.servletapi.SecurityContextHolderAwareRequestFilter@65a2e14e, org.springframework.security.web.authentication.AnonymousAuthenticationFilter@53a16dd6, org.springframework.security.web.session.SessionManagementFilter@22b3b5d0, org.springframework.security.web.access.ExceptionTranslationFilter@55665086, org.springframework.security.web.access.intercept.FilterSecurityInterceptor@776a7ec6]
2023-10-22 17:57:50.830 | mainraceId | INFO  | 32876 | main | org.springframework.boot.web.embedded.tomcat.TomcatWebServer.start(TomcatWebServer.java:220) : Tomcat started on port(s): 8802 (http) with context path ''
2023-10-22 17:57:50.863 | mainraceId | INFO  | 32876 | main | org.springframework.boot.StartupInfoLogger.logStarted(StartupInfoLogger.java:61) : Started HenthouseApplication in 6.169 seconds (JVM running for 12.303)
2023-10-22 18:00:25.002 | http-nio-8802-exec-1raceId | INFO  | 32876 | http-nio-8802-exec-1 | org.springframework.web.servlet.FrameworkServlet.initServletBean(FrameworkServlet.java:525) : Initializing Servlet 'dispatcherServlet'
2023-10-22 18:00:25.004 | http-nio-8802-exec-1raceId | INFO  | 32876 | http-nio-8802-exec-1 | org.springframework.web.servlet.FrameworkServlet.initServletBean(FrameworkServlet.java:547) : Completed initialization in 2 ms
